#
# There is insufficient memory for the Java Runtime Environment to continue.
# Native memory allocation (mmap) failed to map 65536 bytes for Failed to commit metaspace.
# Possible reasons:
#   The system is out of physical RAM or swap space
#   The process is running with CompressedOops enabled, and the Java Heap may be blocking the growth of the native heap
# Possible solutions:
#   Reduce memory load on the system
#   Increase physical memory or swap space
#   Check if swap backing store is full
#   Decrease Java heap size (-Xmx/-Xms)
#   Decrease number of Java threads
#   Decrease Java thread stack sizes (-Xss)
#   Set larger code cache with -XX:ReservedCodeCacheSize=
#   JVM is running with Unscaled Compressed Oops mode in which the Java heap is
#     placed in the first 4GB address space. The Java Heap base address is the
#     maximum limit for the native heap growth. Please use -XX:HeapBaseMinAddress
#     to set the Java Heap base and to place the Java Heap above 4GB virtual address.
# This output file may be truncated or incomplete.
#
#  Out of Memory Error (virtualSpaceNode.cpp:110), pid=18656, tid=15464
#
# JRE version: Java(TM) SE Runtime Environment (18.0.1.1+2) (build 18.0.1.1+2-6)
# Java VM: Java HotSpot(TM) 64-Bit Server VM (18.0.1.1+2-6, mixed mode, sharing, tiered, compressed oops, compressed class ptrs, g1 gc, windows-amd64)
# No core dump will be written. Minidumps are not enabled by default on client versions of Windows
#

---------------  S U M M A R Y ------------

Command Line: -Dfile.encoding=UTF-8 -XX:+ShowCodeDetailsInExceptionMessages Pr12_1

Host: Intel(R) Pentium(R) CPU G2010 @ 2.80GHz, 2 cores, 3G,  Windows 10 , 64 bit Build 19041 (10.0.19041.2251)
Time: Tue Dec  6 10:38:50 2022 India Standard Time elapsed time: 0.194305 seconds (0d 0h 0m 0s)

---------------  T H R E A D  ---------------

Current thread (0x000001bf2f208240):  JavaThread "C1 CompilerThread0" daemon [_thread_in_vm, id=15464, stack(0x0000005d6b800000,0x0000005d6b900000)]


Current CompileTask:
C1:    194  135       3       java.lang.invoke.MethodType::checkSlotCount (33 bytes)

Stack: [0x0000005d6b800000,0x0000005d6b900000]
Native frames: (J=compiled Java code, j=interpreted, Vv=VM code, C=native code)
V  [jvm.dll+0x69887a]
V  [jvm.dll+0x7f38bd]
V  [jvm.dll+0x7f51ce]
V  [jvm.dll+0x7f5883]
V  [jvm.dll+0x25ca3f]
V  [jvm.dll+0x7ef5cb]
V  [jvm.dll+0x63ea76]
V  [jvm.dll+0x63eada]
V  [jvm.dll+0x64135e]
V  [jvm.dll+0x64121e]
V  [jvm.dll+0x63f43e]
V  [jvm.dll+0x650d9a]
V  [jvm.dll+0x649c8a]
V  [jvm.dll+0x1e4700]
V  [jvm.dll+0x1e48e6]
V  [jvm.dll+0x1485de]
V  [jvm.dll+0x148926]
V  [jvm.dll+0x147d9a]
V  [jvm.dll+0x149a81]
V  [jvm.dll+0x23e8ca]
V  [jvm.dll+0x23cbb5]
V  [jvm.dll+0x7a5fb1]
V  [jvm.dll+0x7a03ea]
V  [jvm.dll+0x697725]
C  [ucrtbase.dll+0x21bb2]
C  [KERNEL32.DLL+0x174b4]
C  [ntdll.dll+0x526a1]


---------------  P R O C E S S  ---------------

Threads class SMR info:
_java_thread_list=0x000001bf33417b60, length=12, elements={
0x000001bf143ce330, 0x000001bf2f181750, 0x000001bf2f183b40, 0x000001bf2f19a8a0,
0x000001bf2f19b9e0, 0x000001bf2f19ea50, 0x000001bf2f19d710, 0x000001bf2f1a11c0,
0x000001bf2f208240, 0x000001bf2f21b3c0, 0x000001bf2f19cd70, 0x000001bf2f19e580
}

Java Threads: ( => current thread )
  0x000001bf143ce330 JavaThread "main" [_thread_in_vm, id=15384, stack(0x0000005d6aa00000,0x0000005d6ab00000)]
  0x000001bf2f181750 JavaThread "Reference Handler" daemon [_thread_blocked, id=18536, stack(0x0000005d6b100000,0x0000005d6b200000)]
  0x000001bf2f183b40 JavaThread "Finalizer" daemon [_thread_blocked, id=18560, stack(0x0000005d6b200000,0x0000005d6b300000)]
  0x000001bf2f19a8a0 JavaThread "Signal Dispatcher" daemon [_thread_blocked, id=18568, stack(0x0000005d6b300000,0x0000005d6b400000)]
  0x000001bf2f19b9e0 JavaThread "Attach Listener" daemon [_thread_blocked, id=16940, stack(0x0000005d6b400000,0x0000005d6b500000)]
  0x000001bf2f19ea50 JavaThread "Service Thread" daemon [_thread_blocked, id=13420, stack(0x0000005d6b500000,0x0000005d6b600000)]
  0x000001bf2f19d710 JavaThread "Monitor Deflation Thread" daemon [_thread_blocked, id=18564, stack(0x0000005d6b600000,0x0000005d6b700000)]
  0x000001bf2f1a11c0 JavaThread "C2 CompilerThread0" daemon [_thread_blocked, id=18572, stack(0x0000005d6b700000,0x0000005d6b800000)]
=>0x000001bf2f208240 JavaThread "C1 CompilerThread0" daemon [_thread_in_vm, id=15464, stack(0x0000005d6b800000,0x0000005d6b900000)]
  0x000001bf2f21b3c0 JavaThread "Sweeper thread" daemon [_thread_blocked, id=18620, stack(0x0000005d6b900000,0x0000005d6ba00000)]
  0x000001bf2f19cd70 JavaThread "Notification Thread" daemon [_thread_blocked, id=18668, stack(0x0000005d6ba00000,0x0000005d6bb00000)]
  0x000001bf2f19e580 JavaThread "Common-Cleaner" daemon [_thread_blocked, id=16600, stack(0x0000005d6bc00000,0x0000005d6bd00000)]

Other Threads:
  0x000001bf2f17dfb0 VMThread "VM Thread" [stack: 0x0000005d6b000000,0x0000005d6b100000] [id=18552]
  0x000001bf3343e730 WatcherThread "VM Periodic Task Thread" [stack: 0x0000005d6bb00000,0x0000005d6bc00000] [id=18672]
  0x000001bf1440e140 WorkerThread "GC Thread#0" [stack: 0x0000005d6ab00000,0x0000005d6ac00000] [id=18444]
  0x000001bf14416d30 ConcurrentGCThread "G1 Main Marker" [stack: 0x0000005d6ac00000,0x0000005d6ad00000] [id=18480]
  0x000001bf14418730 WorkerThread "G1 Conc#0" [stack: 0x0000005d6ad00000,0x0000005d6ae00000] [id=18440]
  0x000001bf14438de0 ConcurrentGCThread "G1 Refine#0" [stack: 0x0000005d6ae00000,0x0000005d6af00000] [id=18448]
  0x000001bf144396f0 ConcurrentGCThread "G1 Service" [stack: 0x0000005d6af00000,0x0000005d6b000000] [id=18460]

Threads with active compile tasks:
C1 CompilerThread0      283  135       3       java.lang.invoke.MethodType::checkSlotCount (33 bytes)

VM state: not at safepoint (normal execution)

VM Mutex/Monitor currently owned by a thread:  ([mutex/lock_event])
[0x000001bf12243f10] Metaspace_lock - owner thread: 0x000001bf2f208240
[0x000001bf143cb020] MethodData_lock - owner thread: 0x000001bf2f208240

Heap address: 0x00000000c1a00000, size: 998 MB, Compressed Oops mode: 32-bit

CDS archive(s) mapped at: [0x0000000800000000-0x0000000800ba0000-0x0000000800ba0000), size 12189696, SharedBaseAddress: 0x0000000800000000, ArchiveRelocationMode: 0.
Compressed class space mapped at: 0x0000000800c00000-0x0000000840c00000, reserved size: 1073741824
Narrow klass base: 0x0000000800000000, Narrow klass shift: 0, Narrow klass range: 0x100000000

GC Precious Log:
 CardTable entry size: 512
 Card Set container configuration: InlinePtr #cards 5 size 8 Array Of Cards #cards 12 size 40 Howl #buckets 4 coarsen threshold 1843 Howl Bitmap #cards 512 size 80 coarsen threshold 460 Card regions per heap region 1 cards per card region 2048
 CPUs: 2 total, 2 available
 Memory: 3989M
 Large Page Support: Disabled
 NUMA Support: Disabled
 Compressed Oops: Enabled (32-bit)
 Heap Region Size: 1M
 Heap Min Capacity: 8M
 Heap Initial Capacity: 64M
 Heap Max Capacity: 998M
 Pre-touch: Disabled
 Parallel Workers: 2
 Concurrent Workers: 1
 Concurrent Refinement Workers: 2
 Periodic GC: Disabled

Heap:
 garbage-first heap   total 65536K, used 1024K [0x00000000c1a00000, 0x0000000100000000)
  region size 1024K, 2 young (2048K), 0 survivors (0K)
 Metaspace       used 983K, committed 1152K, reserved 1114112K
  class space    used 83K, committed 192K, reserved 1048576K

Heap Regions: E=young(eden), S=young(survivor), O=old, HS=humongous(starts), HC=humongous(continues), CS=collection set, F=free, OA=open archive, CA=closed archive, TAMS=top-at-mark-start (previous, next)
|   0|0x00000000c1a00000, 0x00000000c1a00000, 0x00000000c1b00000|  0%| F|  |TAMS 0x00000000c1a00000, 0x00000000c1a00000| Untracked 
|   1|0x00000000c1b00000, 0x00000000c1b00000, 0x00000000c1c00000|  0%| F|  |TAMS 0x00000000c1b00000, 0x00000000c1b00000| Untracked 
|   2|0x00000000c1c00000, 0x00000000c1c00000, 0x00000000c1d00000|  0%| F|  |TAMS 0x00000000c1c00000, 0x00000000c1c00000| Untracked 
|   3|0x00000000c1d00000, 0x00000000c1d00000, 0x00000000c1e00000|  0%| F|  |TAMS 0x00000000c1d00000, 0x00000000c1d00000| Untracked 
|   4|0x00000000c1e00000, 0x00000000c1e00000, 0x00000000c1f00000|  0%| F|  |TAMS 0x00000000c1e00000, 0x00000000c1e00000| Untracked 
|   5|0x00000000c1f00000, 0x00000000c1f00000, 0x00000000c2000000|  0%| F|  |TAMS 0x00000000c1f00000, 0x00000000c1f00000| Untracked 
|   6|0x00000000c2000000, 0x00000000c2000000, 0x00000000c2100000|  0%| F|  |TAMS 0x00000000c2000000, 0x00000000c2000000| Untracked 
|   7|0x00000000c2100000, 0x00000000c2100000, 0x00000000c2200000|  0%| F|  |TAMS 0x00000000c2100000, 0x00000000c2100000| Untracked 
|   8|0x00000000c2200000, 0x00000000c2200000, 0x00000000c2300000|  0%| F|  |TAMS 0x00000000c2200000, 0x00000000c2200000| Untracked 
|   9|0x00000000c2300000, 0x00000000c2300000, 0x00000000c2400000|  0%| F|  |TAMS 0x00000000c2300000, 0x00000000c2300000| Untracked 
|  10|0x00000000c2400000, 0x00000000c2400000, 0x00000000c2500000|  0%| F|  |TAMS 0x00000000c2400000, 0x00000000c2400000| Untracked 
|  11|0x00000000c2500000, 0x00000000c2500000, 0x00000000c2600000|  0%| F|  |TAMS 0x00000000c2500000, 0x00000000c2500000| Untracked 
|  12|0x00000000c2600000, 0x00000000c2600000, 0x00000000c2700000|  0%| F|  |TAMS 0x00000000c2600000, 0x00000000c2600000| Untracked 
|  13|0x00000000c2700000, 0x00000000c2700000, 0x00000000c2800000|  0%| F|  |TAMS 0x00000000c2700000, 0x00000000c2700000| Untracked 
|  14|0x00000000c2800000, 0x00000000c2800000, 0x00000000c2900000|  0%| F|  |TAMS 0x00000000c2800000, 0x00000000c2800000| Untracked 
|  15|0x00000000c2900000, 0x00000000c2900000, 0x00000000c2a00000|  0%| F|  |TAMS 0x00000000c2900000, 0x00000000c2900000| Untracked 
|  16|0x00000000c2a00000, 0x00000000c2a00000, 0x00000000c2b00000|  0%| F|  |TAMS 0x00000000c2a00000, 0x00000000c2a00000| Untracked 
|  17|0x00000000c2b00000, 0x00000000c2b00000, 0x00000000c2c00000|  0%| F|  |TAMS 0x00000000c2b00000, 0x00000000c2b00000| Untracked 
|  18|0x00000000c2c00000, 0x00000000c2c00000, 0x00000000c2d00000|  0%| F|  |TAMS 0x00000000c2c00000, 0x00000000c2c00000| Untracked 
|  19|0x00000000c2d00000, 0x00000000c2d00000, 0x00000000c2e00000|  0%| F|  |TAMS 0x00000000c2d00000, 0x00000000c2d00000| Untracked 
|  20|0x00000000c2e00000, 0x00000000c2e00000, 0x00000000c2f00000|  0%| F|  |TAMS 0x00000000c2e00000, 0x00000000c2e00000| Untracked 
|  21|0x00000000c2f00000, 0x00000000c2f00000, 0x00000000c3000000|  0%| F|  |TAMS 0x00000000c2f00000, 0x00000000c2f00000| Untracked 
|  22|0x00000000c3000000, 0x00000000c3000000, 0x00000000c3100000|  0%| F|  |TAMS 0x00000000c3000000, 0x00000000c3000000| Untracked 
|  23|0x00000000c3100000, 0x00000000c3100000, 0x00000000c3200000|  0%| F|  |TAMS 0x00000000c3100000, 0x00000000c3100000| Untracked 
|  24|0x00000000c3200000, 0x00000000c3200000, 0x00000000c3300000|  0%| F|  |TAMS 0x00000000c3200000, 0x00000000c3200000| Untracked 
|  25|0x00000000c3300000, 0x00000000c3300000, 0x00000000c3400000|  0%| F|  |TAMS 0x00000000c3300000, 0x00000000c3300000| Untracked 
|  26|0x00000000c3400000, 0x00000000c3400000, 0x00000000c3500000|  0%| F|  |TAMS 0x00000000c3400000, 0x00000000c3400000| Untracked 
|  27|0x00000000c3500000, 0x00000000c3500000, 0x00000000c3600000|  0%| F|  |TAMS 0x00000000c3500000, 0x00000000c3500000| Untracked 
|  28|0x00000000c3600000, 0x00000000c3600000, 0x00000000c3700000|  0%| F|  |TAMS 0x00000000c3600000, 0x00000000c3600000| Untracked 
|  29|0x00000000c3700000, 0x00000000c3700000, 0x00000000c3800000|  0%| F|  |TAMS 0x00000000c3700000, 0x00000000c3700000| Untracked 
|  30|0x00000000c3800000, 0x00000000c3800000, 0x00000000c3900000|  0%| F|  |TAMS 0x00000000c3800000, 0x00000000c3800000| Untracked 
|  31|0x00000000c3900000, 0x00000000c3900000, 0x00000000c3a00000|  0%| F|  |TAMS 0x00000000c3900000, 0x00000000c3900000| Untracked 
|  32|0x00000000c3a00000, 0x00000000c3a00000, 0x00000000c3b00000|  0%| F|  |TAMS 0x00000000c3a00000, 0x00000000c3a00000| Untracked 
|  33|0x00000000c3b00000, 0x00000000c3b00000, 0x00000000c3c00000|  0%| F|  |TAMS 0x00000000c3b00000, 0x00000000c3b00000| Untracked 
|  34|0x00000000c3c00000, 0x00000000c3c00000, 0x00000000c3d00000|  0%| F|  |TAMS 0x00000000c3c00000, 0x00000000c3c00000| Untracked 
|  35|0x00000000c3d00000, 0x00000000c3d00000, 0x00000000c3e00000|  0%| F|  |TAMS 0x00000000c3d00000, 0x00000000c3d00000| Untracked 
|  36|0x00000000c3e00000, 0x00000000c3e00000, 0x00000000c3f00000|  0%| F|  |TAMS 0x00000000c3e00000, 0x00000000c3e00000| Untracked 
|  37|0x00000000c3f00000, 0x00000000c3f00000, 0x00000000c4000000|  0%| F|  |TAMS 0x00000000c3f00000, 0x00000000c3f00000| Untracked 
|  38|0x00000000c4000000, 0x00000000c4000000, 0x00000000c4100000|  0%| F|  |TAMS 0x00000000c4000000, 0x00000000c4000000| Untracked 
|  39|0x00000000c4100000, 0x00000000c4100000, 0x00000000c4200000|  0%| F|  |TAMS 0x00000000c4100000, 0x00000000c4100000| Untracked 
|  40|0x00000000c4200000, 0x00000000c4200000, 0x00000000c4300000|  0%| F|  |TAMS 0x00000000c4200000, 0x00000000c4200000| Untracked 
|  41|0x00000000c4300000, 0x00000000c4300000, 0x00000000c4400000|  0%| F|  |TAMS 0x00000000c4300000, 0x00000000c4300000| Untracked 
|  42|0x00000000c4400000, 0x00000000c4400000, 0x00000000c4500000|  0%| F|  |TAMS 0x00000000c4400000, 0x00000000c4400000| Untracked 
|  43|0x00000000c4500000, 0x00000000c4500000, 0x00000000c4600000|  0%| F|  |TAMS 0x00000000c4500000, 0x00000000c4500000| Untracked 
|  44|0x00000000c4600000, 0x00000000c4600000, 0x00000000c4700000|  0%| F|  |TAMS 0x00000000c4600000, 0x00000000c4600000| Untracked 
|  45|0x00000000c4700000, 0x00000000c4700000, 0x00000000c4800000|  0%| F|  |TAMS 0x00000000c4700000, 0x00000000c4700000| Untracked 
|  46|0x00000000c4800000, 0x00000000c4800000, 0x00000000c4900000|  0%| F|  |TAMS 0x00000000c4800000, 0x00000000c4800000| Untracked 
|  47|0x00000000c4900000, 0x00000000c4900000, 0x00000000c4a00000|  0%| F|  |TAMS 0x00000000c4900000, 0x00000000c4900000| Untracked 
|  48|0x00000000c4a00000, 0x00000000c4a00000, 0x00000000c4b00000|  0%| F|  |TAMS 0x00000000c4a00000, 0x00000000c4a00000| Untracked 
|  49|0x00000000c4b00000, 0x00000000c4b00000, 0x00000000c4c00000|  0%| F|  |TAMS 0x00000000c4b00000, 0x00000000c4b00000| Untracked 
|  50|0x00000000c4c00000, 0x00000000c4c00000, 0x00000000c4d00000|  0%| F|  |TAMS 0x00000000c4c00000, 0x00000000c4c00000| Untracked 
|  51|0x00000000c4d00000, 0x00000000c4d00000, 0x00000000c4e00000|  0%| F|  |TAMS 0x00000000c4d00000, 0x00000000c4d00000| Untracked 
|  52|0x00000000c4e00000, 0x00000000c4e00000, 0x00000000c4f00000|  0%| F|  |TAMS 0x00000000c4e00000, 0x00000000c4e00000| Untracked 
|  53|0x00000000c4f00000, 0x00000000c4f00000, 0x00000000c5000000|  0%| F|  |TAMS 0x00000000c4f00000, 0x00000000c4f00000| Untracked 
|  54|0x00000000c5000000, 0x00000000c5000000, 0x00000000c5100000|  0%| F|  |TAMS 0x00000000c5000000, 0x00000000c5000000| Untracked 
|  55|0x00000000c5100000, 0x00000000c5100000, 0x00000000c5200000|  0%| F|  |TAMS 0x00000000c5100000, 0x00000000c5100000| Untracked 
|  56|0x00000000c5200000, 0x00000000c5200000, 0x00000000c5300000|  0%| F|  |TAMS 0x00000000c5200000, 0x00000000c5200000| Untracked 
|  57|0x00000000c5300000, 0x00000000c5300000, 0x00000000c5400000|  0%| F|  |TAMS 0x00000000c5300000, 0x00000000c5300000| Untracked 
|  58|0x00000000c5400000, 0x00000000c5400000, 0x00000000c5500000|  0%| F|  |TAMS 0x00000000c5400000, 0x00000000c5400000| Untracked 
|  59|0x00000000c5500000, 0x00000000c5500000, 0x00000000c5600000|  0%| F|  |TAMS 0x00000000c5500000, 0x00000000c5500000| Untracked 
|  60|0x00000000c5600000, 0x00000000c5600000, 0x00000000c5700000|  0%| F|  |TAMS 0x00000000c5600000, 0x00000000c5600000| Untracked 
|  61|0x00000000c5700000, 0x00000000c5700000, 0x00000000c5800000|  0%| F|  |TAMS 0x00000000c5700000, 0x00000000c5700000| Untracked 
|  62|0x00000000c5800000, 0x00000000c581f3a8, 0x00000000c5900000| 12%| E|  |TAMS 0x00000000c5800000, 0x00000000c5800000| Complete 
|  63|0x00000000c5900000, 0x00000000c5a00000, 0x00000000c5a00000|100%| E|CS|TAMS 0x00000000c5900000, 0x00000000c5900000| Complete 

Card table byte_map: [0x000001bf141a0000,0x000001bf143a0000] _byte_map_base: 0x000001bf13b93000

Marking Bits (Prev, Next): (CMBitMap*) 0x000001bf1440e740, (CMBitMap*) 0x000001bf1440e780
 Prev Bits: [0x000001bf2af10000, 0x000001bf2bea8000)
 Next Bits: [0x000001bf2beb0000, 0x000001bf2ce48000)

Polling page: 0x000001bf121e0000

Metaspace:

Usage:
  Non-class:    900.29 KB used.
      Class:     83.20 KB used.
       Both:    983.48 KB used.

Virtual space:
  Non-class space:       64.00 MB reserved,     960.00 KB (  1%) committed,  1 nodes.
      Class space:        1.00 GB reserved,     192.00 KB ( <1%) committed,  1 nodes.
             Both:        1.06 GB reserved,       1.12 MB ( <1%) committed. 

Chunk freelists:
   Non-Class:  3.99 MB
       Class:  3.75 MB
        Both:  7.74 MB

MaxMetaspaceSize: unlimited
CompressedClassSpaceSize: 1.00 GB
Initial GC threshold: 21.00 MB
Current GC threshold: 21.00 MB
CDS: on
MetaspaceReclaimPolicy: balanced
 - commit_granule_bytes: 65536.
 - commit_granule_words: 8192.
 - virtual_space_node_default_size: 8388608.
 - enlarge_chunks_in_place: 1.
 - new_chunks_are_fully_committed: 0.
 - uncommit_free_chunks: 1.
 - use_allocation_guard: 0.


Internal statistics:

num_allocs_failed_limit: 0.
num_arena_births: 6.
num_arena_deaths: 0.
num_vsnodes_births: 2.
num_vsnodes_deaths: 0.
num_space_committed: 18.
num_space_uncommitted: 0.
num_chunks_returned_to_freelist: 0.
num_chunks_taken_from_freelist: 7.
num_chunk_merges: 0.
num_chunk_splits: 3.
num_chunks_enlarged: 1.
num_inconsistent_stats: 0.

CodeHeap 'non-profiled nmethods': size=120064Kb used=42Kb max_used=42Kb free=120021Kb
 bounds [0x000001bf237d0000, 0x000001bf23a40000, 0x000001bf2ad10000]
CodeHeap 'profiled nmethods': size=120000Kb used=134Kb max_used=134Kb free=119865Kb
 bounds [0x000001bf1c2a0000, 0x000001bf1c510000, 0x000001bf237d0000]
CodeHeap 'non-nmethods': size=5696Kb used=1099Kb max_used=1112Kb free=4597Kb
 bounds [0x000001bf1bd10000, 0x000001bf1bf80000, 0x000001bf1c2a0000]
 total_blobs=494 nmethods=134 adapters=274
 compilation: enabled
              stopped_count=0, restarted_count=0
 full_count=0

Compilation events (20 events):
Event: 0.144 Thread 0x000001bf2f208240 nmethod 118 0x000001bf1c2bf390 code [0x000001bf1c2bf560, 0x000001bf1c2bf838]
Event: 0.144 Thread 0x000001bf2f208240  119       3       java.lang.System::getSecurityManager (12 bytes)
Event: 0.144 Thread 0x000001bf2f208240 nmethod 119 0x000001bf1c2bf990 code [0x000001bf1c2bfb20, 0x000001bf1c2bfc98]
Event: 0.144 Thread 0x000001bf2f1a11c0  120       4       java.lang.String::hashCode (60 bytes)
Event: 0.147 Thread 0x000001bf2f1a11c0 nmethod 120 0x000001bf237d8810 code [0x000001bf237d89a0, 0x000001bf237d8aa8]
Event: 0.148 Thread 0x000001bf2f208240  121       3       java.util.Arrays::copyOfRange (64 bytes)
Event: 0.149 Thread 0x000001bf2f208240 nmethod 121 0x000001bf1c2bfd90 code [0x000001bf1c2c0000, 0x000001bf1c2c0918]
Event: 0.150 Thread 0x000001bf2f208240  124       1       java.lang.invoke.MethodType::form (5 bytes)
Event: 0.150 Thread 0x000001bf2f208240 nmethod 124 0x000001bf237d9290 code [0x000001bf237d9420, 0x000001bf237d94f8]
Event: 0.151 Thread 0x000001bf2f208240  127       1       java.nio.Buffer::limit (5 bytes)
Event: 0.151 Thread 0x000001bf2f208240 nmethod 127 0x000001bf237d9b90 code [0x000001bf237d9d20, 0x000001bf237d9df8]
Event: 0.151 Thread 0x000001bf2f208240  128       3       java.lang.Class::getClassLoader (28 bytes)
Event: 0.151 Thread 0x000001bf2f208240 nmethod 128 0x000001bf1c2c0c90 code [0x000001bf1c2c0e40, 0x000001bf1c2c1098]
Event: 0.152 Thread 0x000001bf2f208240  129       1       java.lang.invoke.MethodType::ptypes (5 bytes)
Event: 0.152 Thread 0x000001bf2f208240 nmethod 129 0x000001bf237d9e90 code [0x000001bf237da020, 0x000001bf237da0f8]
Event: 0.185 Thread 0x000001bf2f208240  131       3       java.lang.invoke.MethodType::parameterType (7 bytes)
Event: 0.185 Thread 0x000001bf2f208240 nmethod 131 0x000001bf1c2c1190 code [0x000001bf1c2c1320, 0x000001bf1c2c1458]
Event: 0.186 Thread 0x000001bf2f208240  134       3       java.lang.StringBuilder::append (8 bytes)
Event: 0.186 Thread 0x000001bf2f208240 nmethod 134 0x000001bf1c2c1510 code [0x000001bf1c2c16a0, 0x000001bf1c2c17e8]
Event: 0.186 Thread 0x000001bf2f208240  135       3       java.lang.invoke.MethodType::checkSlotCount (33 bytes)

GC Heap History (0 events):
No events

Deoptimization events (0 events):
No events

Classes loaded (20 events):
Event: 0.130 Loading class java/net/SocketPermission
Event: 0.130 Loading class java/net/SocketPermission done
Event: 0.131 Loading class java/lang/reflect/ReflectPermission
Event: 0.131 Loading class java/lang/reflect/ReflectPermission done
Event: 0.135 Loading class sun/awt/resources/awt
Event: 0.136 Loading class sun/awt/resources/awt done
Event: 0.143 Loading class java/util/ResourceBundle$BundleReference
Event: 0.143 Loading class java/util/ResourceBundle$BundleReference done
Event: 0.144 Loading class sun/awt/resources/awt_en
Event: 0.144 Loading class sun/awt/resources/awt_en done
Event: 0.144 Loading class sun/awt/resources/awt_en
Event: 0.144 Loading class sun/awt/resources/awt_en done
Event: 0.153 Loading class sun/awt/resources/awt_en_IN
Event: 0.153 Loading class sun/awt/resources/awt_en_IN done
Event: 0.153 Loading class sun/awt/resources/awt_en_IN
Event: 0.153 Loading class sun/awt/resources/awt_en_IN done
Event: 0.153 Loading class java/awt/Toolkit$2
Event: 0.153 Loading class java/awt/Toolkit$2 done
Event: 0.183 Loading class java/awt/Toolkit$1
Event: 0.183 Loading class java/awt/Toolkit$1 done

Classes unloaded (0 events):
No events

Classes redefined (0 events):
No events

Internal exceptions (1 events):
Event: 0.126 Thread 0x000001bf143ce330 Exception <a 'java/lang/ClassNotFoundException'{0x00000000c5801758}: sun/awt/resources/spi/awtProvider> (0x00000000c5801758) 
thrown [s\open\src\hotspot\share\classfile\systemDictionary.cpp, line 255]

VM Operations (0 events):
No events

Events (16 events):
Event: 0.009 Loaded shared library C:\Program Files\Java\jdk-18.0.1.1\bin\java.dll
Event: 0.019 Loaded shared library C:\Program Files\Java\jdk-18.0.1.1\bin\jsvml.dll
Event: 0.020 Thread 0x000001bf143ce330 Thread added: 0x000001bf143ce330
Event: 0.023 Thread 0x000001bf2f181750 Thread added: 0x000001bf2f181750
Event: 0.023 Thread 0x000001bf2f183b40 Thread added: 0x000001bf2f183b40
Event: 0.036 Thread 0x000001bf2f19a8a0 Thread added: 0x000001bf2f19a8a0
Event: 0.036 Thread 0x000001bf2f19b9e0 Thread added: 0x000001bf2f19b9e0
Event: 0.036 Thread 0x000001bf2f19ea50 Thread added: 0x000001bf2f19ea50
Event: 0.036 Thread 0x000001bf2f19d710 Thread added: 0x000001bf2f19d710
Event: 0.037 Thread 0x000001bf2f1a11c0 Thread added: 0x000001bf2f1a11c0
Event: 0.038 Thread 0x000001bf2f208240 Thread added: 0x000001bf2f208240
Event: 0.038 Thread 0x000001bf2f21b3c0 Thread added: 0x000001bf2f21b3c0
Event: 0.064 Thread 0x000001bf2f19cd70 Thread added: 0x000001bf2f19cd70
Event: 0.069 Thread 0x000001bf2f19e580 Thread added: 0x000001bf2f19e580
Event: 0.105 Loaded shared library C:\Program Files\Java\jdk-18.0.1.1\bin\jimage.dll
Event: 0.182 Loaded shared library C:\Program Files\Java\jdk-18.0.1.1\bin\awt.dll


Dynamic libraries:
0x00007ff637450000 - 0x00007ff637460000 	C:\Program Files\Java\jdk-18.0.1.1\bin\javaw.exe
0x00007ffa4e970000 - 0x00007ffa4eb68000 	C:\WINDOWS\SYSTEM32\ntdll.dll
0x00007ffa4e070000 - 0x00007ffa4e12f000 	C:\WINDOWS\System32\KERNEL32.DLL
0x00007ffa4c6e0000 - 0x00007ffa4c9b2000 	C:\WINDOWS\System32\KERNELBASE.dll
0x00007ffa4c5e0000 - 0x00007ffa4c6e0000 	C:\WINDOWS\System32\ucrtbase.dll
0x00007ffa47870000 - 0x00007ffa47888000 	C:\Program Files\Java\jdk-18.0.1.1\bin\jli.dll
0x00007ffa4d4e0000 - 0x00007ffa4d58e000 	C:\WINDOWS\System32\ADVAPI32.dll
0x00007ffa4e530000 - 0x00007ffa4e5ce000 	C:\WINDOWS\System32\msvcrt.dll
0x00007ffa4e3d0000 - 0x00007ffa4e46c000 	C:\WINDOWS\System32\sechost.dll
0x00007ffa4cc00000 - 0x00007ffa4cd25000 	C:\WINDOWS\System32\RPCRT4.dll
0x00007ffa4c9c0000 - 0x00007ffa4cb5d000 	C:\WINDOWS\System32\USER32.dll
0x00007ffa4c450000 - 0x00007ffa4c472000 	C:\WINDOWS\System32\win32u.dll
0x00007ffa4cd50000 - 0x00007ffa4cd7b000 	C:\WINDOWS\System32\GDI32.dll
0x00007ffa4c340000 - 0x00007ffa4c44f000 	C:\WINDOWS\System32\gdi32full.dll
0x00007ffa4c2a0000 - 0x00007ffa4c33d000 	C:\WINDOWS\System32\msvcp_win.dll
0x00007ffa47ab0000 - 0x00007ffa47aca000 	C:\Program Files\Java\jdk-18.0.1.1\bin\VCRUNTIME140.dll
0x00007ffa3a380000 - 0x00007ffa3a61a000 	C:\WINDOWS\WinSxS\amd64_microsoft.windows.common-controls_6595b64144ccf1df_6.0.19041.1110_none_60b5254171f9507e\COMCTL32.dll
0x00007ffa41240000 - 0x00007ffa4124a000 	C:\WINDOWS\SYSTEM32\VERSION.dll
0x00007ffa4e130000 - 0x00007ffa4e162000 	C:\WINDOWS\System32\IMM32.DLL
0x00007ffa47d20000 - 0x00007ffa47d2c000 	C:\Program Files\Java\jdk-18.0.1.1\bin\vcruntime140_1.dll
0x00007ffa36870000 - 0x00007ffa368fd000 	C:\Program Files\Java\jdk-18.0.1.1\bin\msvcp140.dll
0x00007ffa21420000 - 0x00007ffa22030000 	C:\Program Files\Java\jdk-18.0.1.1\bin\server\jvm.dll
0x00007ffa4cf90000 - 0x00007ffa4cf98000 	C:\WINDOWS\System32\PSAPI.DLL
0x00007ffa3c6b0000 - 0x00007ffa3c6b9000 	C:\WINDOWS\SYSTEM32\WSOCK32.dll
0x00007ffa4e2b0000 - 0x00007ffa4e31b000 	C:\WINDOWS\System32\WS2_32.dll
0x00007ffa34740000 - 0x00007ffa34767000 	C:\WINDOWS\SYSTEM32\WINMM.dll
0x00007ffa49e70000 - 0x00007ffa49e82000 	C:\WINDOWS\SYSTEM32\kernel.appcore.dll
0x00007ffa47850000 - 0x00007ffa4785a000 	C:\Program Files\Java\jdk-18.0.1.1\bin\jimage.dll
0x00007ffa3b940000 - 0x00007ffa3bb24000 	C:\WINDOWS\SYSTEM32\DBGHELP.DLL
0x00007ffa3d960000 - 0x00007ffa3d98c000 	C:\WINDOWS\SYSTEM32\dbgcore.DLL
0x00007ffa4c1e0000 - 0x00007ffa4c262000 	C:\WINDOWS\System32\bcryptPrimitives.dll
0x00007ffa44dd0000 - 0x00007ffa44df5000 	C:\Program Files\Java\jdk-18.0.1.1\bin\java.dll
0x00007ffa36790000 - 0x00007ffa36866000 	C:\Program Files\Java\jdk-18.0.1.1\bin\jsvml.dll
0x00007ffa4d590000 - 0x00007ffa4dcd3000 	C:\WINDOWS\System32\SHELL32.dll
0x00007ffa4a150000 - 0x00007ffa4a8e2000 	C:\WINDOWS\SYSTEM32\windows.storage.dll
0x00007ffa4e5d0000 - 0x00007ffa4e924000 	C:\WINDOWS\System32\combase.dll
0x00007ffa4b9f0000 - 0x00007ffa4ba20000 	C:\WINDOWS\SYSTEM32\Wldp.dll
0x00007ffa4dce0000 - 0x00007ffa4dd8d000 	C:\WINDOWS\System32\SHCORE.dll
0x00007ffa4e470000 - 0x00007ffa4e4c5000 	C:\WINDOWS\System32\shlwapi.dll
0x00007ffa4bfb0000 - 0x00007ffa4bfcf000 	C:\WINDOWS\SYSTEM32\profapi.dll
0x00007ffa37520000 - 0x00007ffa376af000 	C:\Program Files\Java\jdk-18.0.1.1\bin\awt.dll
0x00007ffa4cfa0000 - 0x00007ffa4d06d000 	C:\WINDOWS\System32\OLEAUT32.dll
0x00007ffa49980000 - 0x00007ffa49a11000 	C:\WINDOWS\SYSTEM32\apphelp.dll

dbghelp: loaded successfully - version: 4.0.5 - missing functions: none
symbol engine: initialized successfully - sym options: 0x614 - pdb path: .;C:\Program Files\Java\jdk-18.0.1.1\bin;C:\WINDOWS\SYSTEM32;C:\WINDOWS\WinSxS\amd64_microsoft.windows.common-controls_6595b64144ccf1df_6.0.19041.1110_none_60b5254171f9507e;C:\Program Files\Java\jdk-18.0.1.1\bin\server

VM Arguments:
jvm_args: -Dfile.encoding=UTF-8 -XX:+ShowCodeDetailsInExceptionMessages 
java_command: Pr12_1
java_class_path (initial): C:\Users\Rizvi\eclipse-workspace\Learn-JavaGUI\bin
Launcher Type: SUN_STANDARD

[Global flags]
     intx CICompilerCount                          = 2                                         {product} {ergonomic}
     uint ConcGCThreads                            = 1                                         {product} {ergonomic}
     uint G1ConcRefinementThreads                  = 2                                         {product} {ergonomic}
   size_t G1HeapRegionSize                         = 1048576                                   {product} {ergonomic}
    uintx GCDrainStackTargetSize                   = 64                                        {product} {ergonomic}
   size_t InitialHeapSize                          = 67108864                                  {product} {ergonomic}
   size_t MarkStackSize                            = 4194304                                   {product} {ergonomic}
   size_t MaxHeapSize                              = 1046478848                                {product} {ergonomic}
   size_t MaxNewSize                               = 627048448                                 {product} {ergonomic}
   size_t MinHeapDeltaBytes                        = 1048576                                   {product} {ergonomic}
   size_t MinHeapSize                              = 8388608                                   {product} {ergonomic}
    uintx NonNMethodCodeHeapSize                   = 5826188                                {pd product} {ergonomic}
    uintx NonProfiledCodeHeapSize                  = 122916026                              {pd product} {ergonomic}
    uintx ProfiledCodeHeapSize                     = 122916026                              {pd product} {ergonomic}
    uintx ReservedCodeCacheSize                    = 251658240                              {pd product} {ergonomic}
     bool SegmentedCodeCache                       = true                                      {product} {ergonomic}
     bool ShowCodeDetailsInExceptionMessages       = true                                   {manageable} {command line}
   size_t SoftMaxHeapSize                          = 1046478848                             {manageable} {ergonomic}
     bool UseCompressedClassPointers               = true                           {product lp64_product} {ergonomic}
     bool UseCompressedOops                        = true                           {product lp64_product} {ergonomic}
     bool UseG1GC                                  = true                                      {product} {ergonomic}
     bool UseLargePagesIndividualAllocation        = false                                  {pd product} {ergonomic}

Logging:
Log output configuration:
 #0: stdout all=warning uptime,level,tags foldmultilines=false
 #1: stderr all=off uptime,level,tags foldmultilines=false

Environment Variables:
PATH=C:\Program Files\Common Files\Oracle\Java\javapath;C:\Program Files (x86)\Common Files\Oracle\Java\javapath;C:\WINDOWS\system32;C:\WINDOWS;C:\WINDOWS\System32\Wbem;C:\WINDOWS\System32\WindowsPowerShell\v1.0\;C:\WINDOWS\System32\OpenSSH\;C:\ProgramData\chocolatey\bin;C:\Users\Rizvi\AppData\Roaming;C:\Program Files\node.js\;C:\Program Files\Microsoft SQL Server\150\Tools\Binn\;C:\Program Files\Microsoft SQL Server\Client SDK\ODBC\170\Tools\Binn\;C:\Program Files\dotnet\;C:\Program Files\Git\cmd;C:\Program Files\nodejs\;C:\Program Files (x86)\dotnet\;C:\Users\Rizvi\AppData\Local\Programs\Python\Python38\Scripts\;C:\Users\Rizvi\AppData\Local\Programs\Python\Python38\;C:\Users\Rizvi\anaconda3;C:\Users\Rizvi\anaconda3\Library\mingw-w64\bin;C:\Users\Rizvi\anaconda3\Library\usr\bin;C:\Users\Rizvi\anaconda3\Library\bin;C:\Users\Rizvi\anaconda3\Scripts;C:\Users\Rizvi\AppData\Local\Microsoft\WindowsApps;C:\MinGW\bin;C:\Users\Rizvi\AppData\Local\Programs\Microsoft VS Code\bin;C:\Program Files\JetBrains\IntelliJ IDEA Community Edition 2022.1.1\bin;;C:\Program Files\Java\jdk-18.0.1.1\bin;C:\Users\Rizvi\.dotnet\tools;C:\Program Files\JetBrains\PyCharm Community Edition 2022.1.2\bin;;C:\Program Files\heroku\bin;C:\Users\Rizvi\AppData\Roaming\npm;C:\python3\Scripts;C:\Users\Rizvi\AppData\Roaming\Microsoft\Windows\Start Menu\Programs\Anaconda3 (64-bit);C:\Users\Rizvi\anaconda3\Scripts\conda.exe;
USERNAME=Rizvi
OS=Windows_NT
PROCESSOR_IDENTIFIER=Intel64 Family 6 Model 58 Stepping 9, GenuineIntel



---------------  S Y S T E M  ---------------

OS:
 Windows 10 , 64 bit Build 19041 (10.0.19041.2251)
OS uptime: 1 days 9:48 hours

CPU: total 2 (initial active 2) (2 cores per cpu, 1 threads per core) family 6 model 58 stepping 9 microcode 0x21, cx8, cmov, fxsr, mmx, sse, sse2, sse3, ssse3, sse4.1, sse4.2, popcnt, tsc, tscinvbit, erms, clmul, clflush

Memory: 4k page, system-wide physical 3989M (228M free)
TotalPageFile size 16277M (AvailPageFile size 3M)
current process WorkingSet (physical memory assigned to process): 30M, peak: 30M
current process commit charge ("private bytes"): 131M, peak: 131M

vm_info: Java HotSpot(TM) 64-Bit Server VM (18.0.1.1+2-6) for windows-amd64 JRE (18.0.1.1+2-6), built on Apr 25 2022 21:53:15 by "mach5one" with MS VC++ 16.8 / 16.9 (VS2019)

END.
