#
# There is insufficient memory for the Java Runtime Environment to continue.
# Native memory allocation (mmap) failed to map 67108864 bytes for G1 virtual space
# Possible reasons:
#   The system is out of physical RAM or swap space
#   The process is running with CompressedOops enabled, and the Java Heap may be blocking the growth of the native heap
# Possible solutions:
#   Reduce memory load on the system
#   Increase physical memory or swap space
#   Check if swap backing store is full
#   Decrease Java heap size (-Xmx/-Xms)
#   Decrease number of Java threads
#   Decrease Java thread stack sizes (-Xss)
#   Set larger code cache with -XX:ReservedCodeCacheSize=
#   JVM is running with Unscaled Compressed Oops mode in which the Java heap is
#     placed in the first 4GB address space. The Java Heap base address is the
#     maximum limit for the native heap growth. Please use -XX:HeapBaseMinAddress
#     to set the Java Heap base and to place the Java Heap above 4GB virtual address.
# This output file may be truncated or incomplete.
#
#  Out of Memory Error (os_windows.cpp:3530), pid=18552, tid=13420
#
# JRE version:  (18.0.1.1+2) (build )
# Java VM: Java HotSpot(TM) 64-Bit Server VM (18.0.1.1+2-6, mixed mode, sharing, tiered, compressed oops, compressed class ptrs, g1 gc, windows-amd64)
# No core dump will be written. Minidumps are not enabled by default on client versions of Windows
#

---------------  S U M M A R Y ------------

Command Line: -Dfile.encoding=UTF-8 -XX:+ShowCodeDetailsInExceptionMessages Pr12_1

Host: Intel(R) Pentium(R) CPU G2010 @ 2.80GHz, 2 cores, 3G,  Windows 10 , 64 bit Build 19041 (10.0.19041.2251)
Time: Tue Dec  6 10:39:29 2022 India Standard Time elapsed time: 0.025727 seconds (0d 0h 0m 0s)

---------------  T H R E A D  ---------------

Current thread (0x000001d6c6e3ed60):  JavaThread "Unknown thread" [_thread_in_vm, id=13420, stack(0x0000008d85400000,0x0000008d85500000)]

Stack: [0x0000008d85400000,0x0000008d85500000]
Native frames: (J=compiled Java code, j=interpreted, Vv=VM code, C=native code)
V  [jvm.dll+0x69887a]
V  [jvm.dll+0x7f38bd]
V  [jvm.dll+0x7f51ce]
V  [jvm.dll+0x7f5883]
V  [jvm.dll+0x25ca3f]
V  [jvm.dll+0x6957c9]
V  [jvm.dll+0x68a2fa]
V  [jvm.dll+0x321efb]
V  [jvm.dll+0x3298d6]
V  [jvm.dll+0x37e47e]
V  [jvm.dll+0x37e6af]
V  [jvm.dll+0x2f9c7a]
V  [jvm.dll+0x2facdd]
V  [jvm.dll+0x7c24f0]
V  [jvm.dll+0x38b801]
V  [jvm.dll+0x7a1203]
V  [jvm.dll+0x40d6bf]
V  [jvm.dll+0x40f091]
C  [jli.dll+0x526b]
C  [ucrtbase.dll+0x21bb2]
C  [KERNEL32.DLL+0x174b4]
C  [ntdll.dll+0x526a1]


---------------  P R O C E S S  ---------------

Threads class SMR info:
_java_thread_list=0x00007ffa21efd550, length=0, elements={
}

Java Threads: ( => current thread )

Other Threads:
  0x000001d6c6e7eb20 WorkerThread "GC Thread#0" [stack: 0x0000008d85500000,0x0000008d85600000] [id=18564]
  0x000001d6c6e87eb0 ConcurrentGCThread "G1 Main Marker" [stack: 0x0000008d85600000,0x0000008d85700000] [id=18668]
  0x000001d6c6e898b0 WorkerThread "G1 Conc#0" [stack: 0x0000008d85700000,0x0000008d85800000] [id=18620]

[error occurred during error reporting (printing all threads), id 0xc0000005, EXCEPTION_ACCESS_VIOLATION (0xc0000005) at pc=0x00007ffa2172a217]

VM state: not at safepoint (not fully initialized)

VM Mutex/Monitor currently owned by a thread:  ([mutex/lock_event])
[0x000001d6c6e3b4b0] Heap_lock - owner thread: 0x000001d6c6e3ed60

Heap address: 0x00000000c1a00000, size: 998 MB, Compressed Oops mode: 32-bit

CDS archive(s) mapped at: [0x0000000000000000-0x0000000000000000-0x0000000000000000), size 0, SharedBaseAddress: 0x0000000800000000, ArchiveRelocationMode: 0.
Narrow klass base: 0x0000000000000000, Narrow klass shift: 0, Narrow klass range: 0x0

GC Precious Log:
 CardTable entry size: 512
 Card Set container configuration: InlinePtr #cards 5 size 8 Array Of Cards #cards 12 size 40 Howl #buckets 4 coarsen threshold 1843 Howl Bitmap #cards 512 size 80 coarsen threshold 460 Card regions per heap region 1 cards per card region 2048

Heap:
 garbage-first heap   total 0K, used 0K [0x00000000c1a00000, 0x0000000100000000)
  region size 1024K, 0 young (0K), 0 survivors (0K)

[error occurred during error reporting (printing heap information), id 0xc0000005, EXCEPTION_ACCESS_VIOLATION (0xc0000005) at pc=0x00007ffa21b10cb9]

GC Heap History (0 events):
No events

Deoptimization events (0 events):
No events

Classes loaded (0 events):
No events

Classes unloaded (0 events):
No events

Classes redefined (0 events):
No events

Internal exceptions (0 events):
No events

VM Operations (0 events):
No events

Events (1 events):
Event: 0.010 Loaded shared library C:\Program Files\Java\jdk-18.0.1.1\bin\java.dll


Dynamic libraries:
0x00007ff637450000 - 0x00007ff637460000 	C:\Program Files\Java\jdk-18.0.1.1\bin\javaw.exe
0x00007ffa4e970000 - 0x00007ffa4eb68000 	C:\WINDOWS\SYSTEM32\ntdll.dll
0x00007ffa4e070000 - 0x00007ffa4e12f000 	C:\WINDOWS\System32\KERNEL32.DLL
0x00007ffa4c6e0000 - 0x00007ffa4c9b2000 	C:\WINDOWS\System32\KERNELBASE.dll
0x00007ffa4c5e0000 - 0x00007ffa4c6e0000 	C:\WINDOWS\System32\ucrtbase.dll
0x00007ffa47870000 - 0x00007ffa47888000 	C:\Program Files\Java\jdk-18.0.1.1\bin\jli.dll
0x00007ffa4d4e0000 - 0x00007ffa4d58e000 	C:\WINDOWS\System32\ADVAPI32.dll
0x00007ffa4e530000 - 0x00007ffa4e5ce000 	C:\WINDOWS\System32\msvcrt.dll
0x00007ffa4e3d0000 - 0x00007ffa4e46c000 	C:\WINDOWS\System32\sechost.dll
0x00007ffa4cc00000 - 0x00007ffa4cd25000 	C:\WINDOWS\System32\RPCRT4.dll
0x00007ffa47ab0000 - 0x00007ffa47aca000 	C:\Program Files\Java\jdk-18.0.1.1\bin\VCRUNTIME140.dll
0x00007ffa4c9c0000 - 0x00007ffa4cb5d000 	C:\WINDOWS\System32\USER32.dll
0x00007ffa4c450000 - 0x00007ffa4c472000 	C:\WINDOWS\System32\win32u.dll
0x00007ffa4cd50000 - 0x00007ffa4cd7b000 	C:\WINDOWS\System32\GDI32.dll
0x00007ffa4c340000 - 0x00007ffa4c44f000 	C:\WINDOWS\System32\gdi32full.dll
0x00007ffa4c2a0000 - 0x00007ffa4c33d000 	C:\WINDOWS\System32\msvcp_win.dll
0x00007ffa3a380000 - 0x00007ffa3a61a000 	C:\WINDOWS\WinSxS\amd64_microsoft.windows.common-controls_6595b64144ccf1df_6.0.19041.1110_none_60b5254171f9507e\COMCTL32.dll
0x00007ffa41240000 - 0x00007ffa4124a000 	C:\WINDOWS\SYSTEM32\VERSION.dll
0x00007ffa4e130000 - 0x00007ffa4e162000 	C:\WINDOWS\System32\IMM32.DLL
0x00007ffa47d20000 - 0x00007ffa47d2c000 	C:\Program Files\Java\jdk-18.0.1.1\bin\vcruntime140_1.dll
0x00007ffa36870000 - 0x00007ffa368fd000 	C:\Program Files\Java\jdk-18.0.1.1\bin\msvcp140.dll
0x00007ffa21420000 - 0x00007ffa22030000 	C:\Program Files\Java\jdk-18.0.1.1\bin\server\jvm.dll
0x00007ffa4cf90000 - 0x00007ffa4cf98000 	C:\WINDOWS\System32\PSAPI.DLL
0x00007ffa3c6b0000 - 0x00007ffa3c6b9000 	C:\WINDOWS\SYSTEM32\WSOCK32.dll
0x00007ffa4e2b0000 - 0x00007ffa4e31b000 	C:\WINDOWS\System32\WS2_32.dll
0x00007ffa34740000 - 0x00007ffa34767000 	C:\WINDOWS\SYSTEM32\WINMM.dll
0x00007ffa49e70000 - 0x00007ffa49e82000 	C:\WINDOWS\SYSTEM32\kernel.appcore.dll
0x00007ffa47850000 - 0x00007ffa4785a000 	C:\Program Files\Java\jdk-18.0.1.1\bin\jimage.dll
0x00007ffa3b940000 - 0x00007ffa3bb24000 	C:\WINDOWS\SYSTEM32\DBGHELP.DLL
0x00007ffa3d960000 - 0x00007ffa3d98c000 	C:\WINDOWS\SYSTEM32\dbgcore.DLL
0x00007ffa4c1e0000 - 0x00007ffa4c262000 	C:\WINDOWS\System32\bcryptPrimitives.dll
0x00007ffa44dd0000 - 0x00007ffa44df5000 	C:\Program Files\Java\jdk-18.0.1.1\bin\java.dll

dbghelp: loaded successfully - version: 4.0.5 - missing functions: none
symbol engine: initialized successfully - sym options: 0x614 - pdb path: .;C:\Program Files\Java\jdk-18.0.1.1\bin;C:\WINDOWS\SYSTEM32;C:\WINDOWS\WinSxS\amd64_microsoft.windows.common-controls_6595b64144ccf1df_6.0.19041.1110_none_60b5254171f9507e;C:\Program Files\Java\jdk-18.0.1.1\bin\server

VM Arguments:
jvm_args: -Dfile.encoding=UTF-8 -XX:+ShowCodeDetailsInExceptionMessages 
java_command: Pr12_1
java_class_path (initial): C:\Users\Rizvi\eclipse-workspace\Learn-JavaGUI\bin
Launcher Type: SUN_STANDARD

[Global flags]
     intx CICompilerCount                          = 2                                         {product} {ergonomic}
     uint ConcGCThreads                            = 1                                         {product} {ergonomic}
     uint G1ConcRefinementThreads                  = 2                                         {product} {ergonomic}
   size_t G1HeapRegionSize                         = 1048576                                   {product} {ergonomic}
    uintx GCDrainStackTargetSize                   = 64                                        {product} {ergonomic}
   size_t InitialHeapSize                          = 67108864                                  {product} {ergonomic}
   size_t MarkStackSize                            = 4194304                                   {product} {ergonomic}
   size_t MaxHeapSize                              = 1046478848                                {product} {ergonomic}
   size_t MinHeapDeltaBytes                        = 1048576                                   {product} {ergonomic}
   size_t MinHeapSize                              = 8388608                                   {product} {ergonomic}
    uintx NonNMethodCodeHeapSize                   = 5826188                                {pd product} {ergonomic}
    uintx NonProfiledCodeHeapSize                  = 122916026                              {pd product} {ergonomic}
    uintx ProfiledCodeHeapSize                     = 122916026                              {pd product} {ergonomic}
    uintx ReservedCodeCacheSize                    = 251658240                              {pd product} {ergonomic}
     bool SegmentedCodeCache                       = true                                      {product} {ergonomic}
     bool ShowCodeDetailsInExceptionMessages       = true                                   {manageable} {command line}
   size_t SoftMaxHeapSize                          = 1046478848                             {manageable} {ergonomic}
     bool UseCompressedClassPointers               = true                           {product lp64_product} {ergonomic}
     bool UseCompressedOops                        = true                           {product lp64_product} {ergonomic}
     bool UseG1GC                                  = true                                      {product} {ergonomic}
     bool UseLargePagesIndividualAllocation        = false                                  {pd product} {ergonomic}

Logging:
Log output configuration:
 #0: stdout all=warning uptime,level,tags foldmultilines=false
 #1: stderr all=off uptime,level,tags foldmultilines=false

Environment Variables:
PATH=C:\Program Files\Common Files\Oracle\Java\javapath;C:\Program Files (x86)\Common Files\Oracle\Java\javapath;C:\WINDOWS\system32;C:\WINDOWS;C:\WINDOWS\System32\Wbem;C:\WINDOWS\System32\WindowsPowerShell\v1.0\;C:\WINDOWS\System32\OpenSSH\;C:\ProgramData\chocolatey\bin;C:\Users\Rizvi\AppData\Roaming;C:\Program Files\node.js\;C:\Program Files\Microsoft SQL Server\150\Tools\Binn\;C:\Program Files\Microsoft SQL Server\Client SDK\ODBC\170\Tools\Binn\;C:\Program Files\dotnet\;C:\Program Files\Git\cmd;C:\Program Files\nodejs\;C:\Program Files (x86)\dotnet\;C:\Users\Rizvi\AppData\Local\Programs\Python\Python38\Scripts\;C:\Users\Rizvi\AppData\Local\Programs\Python\Python38\;C:\Users\Rizvi\anaconda3;C:\Users\Rizvi\anaconda3\Library\mingw-w64\bin;C:\Users\Rizvi\anaconda3\Library\usr\bin;C:\Users\Rizvi\anaconda3\Library\bin;C:\Users\Rizvi\anaconda3\Scripts;C:\Users\Rizvi\AppData\Local\Microsoft\WindowsApps;C:\MinGW\bin;C:\Users\Rizvi\AppData\Local\Programs\Microsoft VS Code\bin;C:\Program Files\JetBrains\IntelliJ IDEA Community Edition 2022.1.1\bin;;C:\Program Files\Java\jdk-18.0.1.1\bin;C:\Users\Rizvi\.dotnet\tools;C:\Program Files\JetBrains\PyCharm Community Edition 2022.1.2\bin;;C:\Program Files\heroku\bin;C:\Users\Rizvi\AppData\Roaming\npm;C:\python3\Scripts;C:\Users\Rizvi\AppData\Roaming\Microsoft\Windows\Start Menu\Programs\Anaconda3 (64-bit);C:\Users\Rizvi\anaconda3\Scripts\conda.exe;
USERNAME=Rizvi
OS=Windows_NT
PROCESSOR_IDENTIFIER=Intel64 Family 6 Model 58 Stepping 9, GenuineIntel



---------------  S Y S T E M  ---------------

OS:
 Windows 10 , 64 bit Build 19041 (10.0.19041.2251)
OS uptime: 1 days 9:48 hours

CPU: total 2 (initial active 2) (2 cores per cpu, 1 threads per core) family 6 model 58 stepping 9 microcode 0x21, cx8, cmov, fxsr, mmx, sse, sse2, sse3, ssse3, sse4.1, sse4.2, popcnt, tsc, tscinvbit, erms, clmul, clflush

Memory: 4k page, system-wide physical 3989M (168M free)
TotalPageFile size 16277M (AvailPageFile size 36M)
current process WorkingSet (physical memory assigned to process): 10M, peak: 10M
current process commit charge ("private bytes"): 47M, peak: 111M

vm_info: Java HotSpot(TM) 64-Bit Server VM (18.0.1.1+2-6) for windows-amd64 JRE (18.0.1.1+2-6), built on Apr 25 2022 21:53:15 by "mach5one" with MS VC++ 16.8 / 16.9 (VS2019)

END.
