#
# There is insufficient memory for the Java Runtime Environment to continue.
# Native memory allocation (mmap) failed to map 65536 bytes for Failed to commit metaspace.
# Possible reasons:
#   The system is out of physical RAM or swap space
#   The process is running with CompressedOops enabled, and the Java Heap may be blocking the growth of the native heap
# Possible solutions:
#   Reduce memory load on the system
#   Increase physical memory or swap space
#   Check if swap backing store is full
#   Decrease Java heap size (-Xmx/-Xms)
#   Decrease number of Java threads
#   Decrease Java thread stack sizes (-Xss)
#   Set larger code cache with -XX:ReservedCodeCacheSize=
#   JVM is running with Unscaled Compressed Oops mode in which the Java heap is
#     placed in the first 4GB address space. The Java Heap base address is the
#     maximum limit for the native heap growth. Please use -XX:HeapBaseMinAddress
#     to set the Java Heap base and to place the Java Heap above 4GB virtual address.
# This output file may be truncated or incomplete.
#
#  Out of Memory Error (virtualSpaceNode.cpp:110), pid=13844, tid=14100
#
# JRE version: Java(TM) SE Runtime Environment (18.0.1.1+2) (build 18.0.1.1+2-6)
# Java VM: Java HotSpot(TM) 64-Bit Server VM (18.0.1.1+2-6, mixed mode, sharing, tiered, compressed oops, compressed class ptrs, g1 gc, windows-amd64)
# No core dump will be written. Minidumps are not enabled by default on client versions of Windows
#

---------------  S U M M A R Y ------------

Command Line: -Dfile.encoding=UTF-8 -XX:+ShowCodeDetailsInExceptionMessages Pr12_1

Host: Intel(R) Pentium(R) CPU G2010 @ 2.80GHz, 2 cores, 3G,  Windows 10 , 64 bit Build 19041 (10.0.19041.2251)
Time: Tue Dec  6 10:39:07 2022 India Standard Time elapsed time: 0.198599 seconds (0d 0h 0m 0s)

---------------  T H R E A D  ---------------

Current thread (0x0000026315f0e790):  JavaThread "main" [_thread_in_vm, id=14100, stack(0x000000a353f00000,0x000000a354000000)]

Stack: [0x000000a353f00000,0x000000a354000000]
Native frames: (J=compiled Java code, j=interpreted, Vv=VM code, C=native code)
V  [jvm.dll+0x69887a]
V  [jvm.dll+0x7f38bd]
V  [jvm.dll+0x7f51ce]
V  [jvm.dll+0x7f5883]
V  [jvm.dll+0x25ca3f]
V  [jvm.dll+0x7ef5cb]
V  [jvm.dll+0x63ea76]
V  [jvm.dll+0x63eada]
V  [jvm.dll+0x64135e]
V  [jvm.dll+0x64121e]
V  [jvm.dll+0x63f43e]
V  [jvm.dll+0x67b14b]
V  [jvm.dll+0x38dde5]
V  [jvm.dll+0x38dd08]
V  [jvm.dll+0x3a1367]
C  0x000002631f04b65d

Java frames: (J=compiled Java code, j=interpreted, Vv=VM code)
j  sun.nio.fs.WindowsPathType.$values()[Lsun/nio/fs/WindowsPathType;+1 java.base@18.0.1.1
j  sun.nio.fs.WindowsPathType.<clinit>()V+65 java.base@18.0.1.1
v  ~StubRoutines::call_stub
j  sun.nio.fs.WindowsPathParser.parse(Ljava/lang/String;Z)Lsun/nio/fs/WindowsPathParser$Result;+275 java.base@18.0.1.1
j  sun.nio.fs.WindowsPathParser.parse(Ljava/lang/String;)Lsun/nio/fs/WindowsPathParser$Result;+2 java.base@18.0.1.1
j  sun.nio.fs.WindowsFileSystem.<init>(Lsun/nio/fs/WindowsFileSystemProvider;Ljava/lang/String;)V+10 java.base@18.0.1.1
j  sun.nio.fs.WindowsFileSystemProvider.<init>()V+13 java.base@18.0.1.1
j  sun.nio.fs.DefaultFileSystemProvider.<clinit>()V+4 java.base@18.0.1.1
v  ~StubRoutines::call_stub
j  java.nio.file.FileSystems$DefaultFileSystemHolder.getDefaultProvider()Ljava/nio/file/spi/FileSystemProvider;+0 java.base@18.0.1.1
j  java.nio.file.FileSystems$DefaultFileSystemHolder$1.run()Ljava/nio/file/spi/FileSystemProvider;+0 java.base@18.0.1.1
j  java.nio.file.FileSystems$DefaultFileSystemHolder$1.run()Ljava/lang/Object;+1 java.base@18.0.1.1
j  java.security.AccessController.executePrivileged(Ljava/security/PrivilegedAction;Ljava/security/AccessControlContext;Ljava/lang/Class;)Ljava/lang/Object;+29 java.base@18.0.1.1
j  java.security.AccessController.doPrivileged(Ljava/security/PrivilegedAction;)Ljava/lang/Object;+5 java.base@18.0.1.1
j  java.nio.file.FileSystems$DefaultFileSystemHolder.defaultFileSystem()Ljava/nio/file/FileSystem;+7 java.base@18.0.1.1
j  java.nio.file.FileSystems$DefaultFileSystemHolder.<clinit>()V+0 java.base@18.0.1.1
v  ~StubRoutines::call_stub
j  java.nio.file.FileSystems.getDefault()Ljava/nio/file/FileSystem;+6 java.base@18.0.1.1
j  java.nio.file.Path.of(Ljava/lang/String;[Ljava/lang/String;)Ljava/nio/file/Path;+0 java.base@18.0.1.1
j  java.nio.file.Paths.get(Ljava/lang/String;[Ljava/lang/String;)Ljava/nio/file/Path;+2 java.base@18.0.1.1
j  jdk.internal.jimage.ImageReaderFactory.<clinit>()V+25 java.base@18.0.1.1
v  ~StubRoutines::call_stub
j  jdk.internal.module.SystemModuleFinders$SystemImage.<clinit>()V+0 java.base@18.0.1.1
v  ~StubRoutines::call_stub
j  jdk.internal.module.SystemModuleFinders$SystemModuleReader.containsImageLocation(Ljava/lang/String;)Z+22 java.base@18.0.1.1
j  jdk.internal.module.SystemModuleFinders$SystemModuleReader.find(Ljava/lang/String;)Ljava/util/Optional;+2 java.base@18.0.1.1
j  jdk.internal.loader.BuiltinClassLoader$2.run()Ljava/util/List;+51 java.base@18.0.1.1
j  jdk.internal.loader.BuiltinClassLoader$2.run()Ljava/lang/Object;+1 java.base@18.0.1.1
j  java.security.AccessController.executePrivileged(Ljava/security/PrivilegedExceptionAction;Ljava/security/AccessControlContext;Ljava/lang/Class;)Ljava/lang/Object;+29 java.base@18.0.1.1
j  java.security.AccessController.doPrivileged(Ljava/security/PrivilegedExceptionAction;)Ljava/lang/Object;+9 java.base@18.0.1.1
j  jdk.internal.loader.BuiltinClassLoader.findMiscResource(Ljava/lang/String;)Ljava/util/List;+83 java.base@18.0.1.1
j  jdk.internal.loader.BuiltinClassLoader.findResources(Ljava/lang/String;)Ljava/util/Enumeration;+107 java.base@18.0.1.1
j  jdk.internal.loader.BootLoader.findResources(Ljava/lang/String;)Ljava/util/Enumeration;+4 java.base@18.0.1.1
j  java.lang.ClassLoader.getResources(Ljava/lang/String;)Ljava/util/Enumeration;+34 java.base@18.0.1.1
j  java.lang.ClassLoader.getResources(Ljava/lang/String;)Ljava/util/Enumeration;+24 java.base@18.0.1.1
j  java.util.ServiceLoader$LazyClassPathLookupIterator.nextProviderClass()Ljava/lang/Class;+106 java.base@18.0.1.1
j  java.util.ServiceLoader$LazyClassPathLookupIterator.hasNextService()Z+15 java.base@18.0.1.1
j  java.util.ServiceLoader$LazyClassPathLookupIterator.hasNext()Z+11 java.base@18.0.1.1
j  java.util.ServiceLoader$2.hasNext()Z+16 java.base@18.0.1.1
j  java.util.ServiceLoader$3.hasNext()Z+32 java.base@18.0.1.1
j  jdk.internal.logger.BootstrapLogger$DetectBackend$1.run()Ljdk/internal/logger/BootstrapLogger$LoggingBackend;+13 java.base@18.0.1.1
j  jdk.internal.logger.BootstrapLogger$DetectBackend$1.run()Ljava/lang/Object;+1 java.base@18.0.1.1
j  java.security.AccessController.executePrivileged(Ljava/security/PrivilegedAction;Ljava/security/AccessControlContext;Ljava/lang/Class;)Ljava/lang/Object;+29 java.base@18.0.1.1
j  java.security.AccessController.doPrivileged(Ljava/security/PrivilegedAction;)Ljava/lang/Object;+5 java.base@18.0.1.1
j  jdk.internal.logger.BootstrapLogger$DetectBackend.<clinit>()V+7 java.base@18.0.1.1
v  ~StubRoutines::call_stub
j  jdk.internal.logger.BootstrapLogger.useLazyLoggers()Z+6 java.base@18.0.1.1
j  jdk.internal.logger.LazyLoggers.getLazyLogger(Ljava/lang/String;Ljava/lang/Module;)Ljava/lang/System$Logger;+0 java.base@18.0.1.1
j  sun.util.logging.PlatformLogger.getLogger(Ljava/lang/String;)Lsun/util/logging/PlatformLogger;+41 java.base@18.0.1.1
j  java.awt.Component.<clinit>()V+19 java.desktop@18.0.1.1
v  ~StubRoutines::call_stub
j  Pr12_1.<init>()V+5
j  Pr12_1.main([Ljava/lang/String;)V+4
v  ~StubRoutines::call_stub

---------------  P R O C E S S  ---------------

Threads class SMR info:
_java_thread_list=0x000002633700fea0, length=12, elements={
0x0000026315f0e790, 0x0000026332c6e410, 0x0000026332c71730, 0x0000026332c87540,
0x0000026332c88e00, 0x0000026332c896b0, 0x0000026332c89f60, 0x0000026332c8ab40,
0x0000026332cf74c0, 0x0000026332cfc180, 0x0000026337037c00, 0x000002633703c760
}

Java Threads: ( => current thread )
=>0x0000026315f0e790 JavaThread "main" [_thread_in_vm, id=14100, stack(0x000000a353f00000,0x000000a354000000)]
  0x0000026332c6e410 JavaThread "Reference Handler" daemon [_thread_blocked, id=17924, stack(0x000000a354600000,0x000000a354700000)]
  0x0000026332c71730 JavaThread "Finalizer" daemon [_thread_blocked, id=4732, stack(0x000000a354700000,0x000000a354800000)]
  0x0000026332c87540 JavaThread "Signal Dispatcher" daemon [_thread_blocked, id=5504, stack(0x000000a354800000,0x000000a354900000)]
  0x0000026332c88e00 JavaThread "Attach Listener" daemon [_thread_blocked, id=17588, stack(0x000000a354900000,0x000000a354a00000)]
  0x0000026332c896b0 JavaThread "Service Thread" daemon [_thread_blocked, id=2928, stack(0x000000a354a00000,0x000000a354b00000)]
  0x0000026332c89f60 JavaThread "Monitor Deflation Thread" daemon [_thread_blocked, id=6120, stack(0x000000a354b00000,0x000000a354c00000)]
  0x0000026332c8ab40 JavaThread "C2 CompilerThread0" daemon [_thread_blocked, id=17628, stack(0x000000a354c00000,0x000000a354d00000)]
  0x0000026332cf74c0 JavaThread "C1 CompilerThread0" daemon [_thread_blocked, id=19432, stack(0x000000a354d00000,0x000000a354e00000)]
  0x0000026332cfc180 JavaThread "Sweeper thread" daemon [_thread_blocked, id=19436, stack(0x000000a354e00000,0x000000a354f00000)]
  0x0000026337037c00 JavaThread "Notification Thread" daemon [_thread_blocked, id=17980, stack(0x000000a354f00000,0x000000a355000000)]
  0x000002633703c760 JavaThread "Common-Cleaner" daemon [_thread_blocked, id=6504, stack(0x000000a355100000,0x000000a355200000)]

Other Threads:
  0x0000026315fdbeb0 VMThread "VM Thread" [stack: 0x000000a354500000,0x000000a354600000] [id=6004]
  0x000002633703c4f0 WatcherThread "VM Periodic Task Thread" [stack: 0x000000a355000000,0x000000a355100000] [id=18660]
  0x0000026315f4eb70 WorkerThread "GC Thread#0" [stack: 0x000000a354000000,0x000000a354100000] [id=18328]
  0x0000026315f58680 ConcurrentGCThread "G1 Main Marker" [stack: 0x000000a354100000,0x000000a354200000] [id=19388]
  0x0000026315f5a730 WorkerThread "G1 Conc#0" [stack: 0x000000a354200000,0x000000a354300000] [id=11392]
  0x0000026315f7a100 ConcurrentGCThread "G1 Refine#0" [stack: 0x000000a354300000,0x000000a354400000] [id=19408]
  0x0000026315f7c0d0 ConcurrentGCThread "G1 Service" [stack: 0x000000a354400000,0x000000a354500000] [id=19380]

Threads with active compile tasks:

VM state: not at safepoint (normal execution)

VM Mutex/Monitor currently owned by a thread:  ([mutex/lock_event])
[0x0000026315f08d30] Metaspace_lock - owner thread: 0x0000026315f0e790
[0x0000026315f0b1b0] MultiArray_lock - owner thread: 0x0000026315f0e790

Heap address: 0x00000000c1a00000, size: 998 MB, Compressed Oops mode: 32-bit

CDS archive(s) mapped at: [0x0000000800000000-0x0000000800ba0000-0x0000000800ba0000), size 12189696, SharedBaseAddress: 0x0000000800000000, ArchiveRelocationMode: 0.
Compressed class space mapped at: 0x0000000800c00000-0x0000000840c00000, reserved size: 1073741824
Narrow klass base: 0x0000000800000000, Narrow klass shift: 0, Narrow klass range: 0x100000000

GC Precious Log:
 CardTable entry size: 512
 Card Set container configuration: InlinePtr #cards 5 size 8 Array Of Cards #cards 12 size 40 Howl #buckets 4 coarsen threshold 1843 Howl Bitmap #cards 512 size 80 coarsen threshold 460 Card regions per heap region 1 cards per card region 2048
 CPUs: 2 total, 2 available
 Memory: 3989M
 Large Page Support: Disabled
 NUMA Support: Disabled
 Compressed Oops: Enabled (32-bit)
 Heap Region Size: 1M
 Heap Min Capacity: 8M
 Heap Initial Capacity: 64M
 Heap Max Capacity: 998M
 Pre-touch: Disabled
 Parallel Workers: 2
 Concurrent Workers: 1
 Concurrent Refinement Workers: 2
 Periodic GC: Disabled

Heap:
 garbage-first heap   total 65536K, used 0K [0x00000000c1a00000, 0x0000000100000000)
  region size 1024K, 1 young (1024K), 0 survivors (0K)
 Metaspace       used 769K, committed 896K, reserved 1114112K
  class space    used 64K, committed 128K, reserved 1048576K

Heap Regions: E=young(eden), S=young(survivor), O=old, HS=humongous(starts), HC=humongous(continues), CS=collection set, F=free, OA=open archive, CA=closed archive, TAMS=top-at-mark-start (previous, next)
|   0|0x00000000c1a00000, 0x00000000c1a00000, 0x00000000c1b00000|  0%| F|  |TAMS 0x00000000c1a00000, 0x00000000c1a00000| Untracked 
|   1|0x00000000c1b00000, 0x00000000c1b00000, 0x00000000c1c00000|  0%| F|  |TAMS 0x00000000c1b00000, 0x00000000c1b00000| Untracked 
|   2|0x00000000c1c00000, 0x00000000c1c00000, 0x00000000c1d00000|  0%| F|  |TAMS 0x00000000c1c00000, 0x00000000c1c00000| Untracked 
|   3|0x00000000c1d00000, 0x00000000c1d00000, 0x00000000c1e00000|  0%| F|  |TAMS 0x00000000c1d00000, 0x00000000c1d00000| Untracked 
|   4|0x00000000c1e00000, 0x00000000c1e00000, 0x00000000c1f00000|  0%| F|  |TAMS 0x00000000c1e00000, 0x00000000c1e00000| Untracked 
|   5|0x00000000c1f00000, 0x00000000c1f00000, 0x00000000c2000000|  0%| F|  |TAMS 0x00000000c1f00000, 0x00000000c1f00000| Untracked 
|   6|0x00000000c2000000, 0x00000000c2000000, 0x00000000c2100000|  0%| F|  |TAMS 0x00000000c2000000, 0x00000000c2000000| Untracked 
|   7|0x00000000c2100000, 0x00000000c2100000, 0x00000000c2200000|  0%| F|  |TAMS 0x00000000c2100000, 0x00000000c2100000| Untracked 
|   8|0x00000000c2200000, 0x00000000c2200000, 0x00000000c2300000|  0%| F|  |TAMS 0x00000000c2200000, 0x00000000c2200000| Untracked 
|   9|0x00000000c2300000, 0x00000000c2300000, 0x00000000c2400000|  0%| F|  |TAMS 0x00000000c2300000, 0x00000000c2300000| Untracked 
|  10|0x00000000c2400000, 0x00000000c2400000, 0x00000000c2500000|  0%| F|  |TAMS 0x00000000c2400000, 0x00000000c2400000| Untracked 
|  11|0x00000000c2500000, 0x00000000c2500000, 0x00000000c2600000|  0%| F|  |TAMS 0x00000000c2500000, 0x00000000c2500000| Untracked 
|  12|0x00000000c2600000, 0x00000000c2600000, 0x00000000c2700000|  0%| F|  |TAMS 0x00000000c2600000, 0x00000000c2600000| Untracked 
|  13|0x00000000c2700000, 0x00000000c2700000, 0x00000000c2800000|  0%| F|  |TAMS 0x00000000c2700000, 0x00000000c2700000| Untracked 
|  14|0x00000000c2800000, 0x00000000c2800000, 0x00000000c2900000|  0%| F|  |TAMS 0x00000000c2800000, 0x00000000c2800000| Untracked 
|  15|0x00000000c2900000, 0x00000000c2900000, 0x00000000c2a00000|  0%| F|  |TAMS 0x00000000c2900000, 0x00000000c2900000| Untracked 
|  16|0x00000000c2a00000, 0x00000000c2a00000, 0x00000000c2b00000|  0%| F|  |TAMS 0x00000000c2a00000, 0x00000000c2a00000| Untracked 
|  17|0x00000000c2b00000, 0x00000000c2b00000, 0x00000000c2c00000|  0%| F|  |TAMS 0x00000000c2b00000, 0x00000000c2b00000| Untracked 
|  18|0x00000000c2c00000, 0x00000000c2c00000, 0x00000000c2d00000|  0%| F|  |TAMS 0x00000000c2c00000, 0x00000000c2c00000| Untracked 
|  19|0x00000000c2d00000, 0x00000000c2d00000, 0x00000000c2e00000|  0%| F|  |TAMS 0x00000000c2d00000, 0x00000000c2d00000| Untracked 
|  20|0x00000000c2e00000, 0x00000000c2e00000, 0x00000000c2f00000|  0%| F|  |TAMS 0x00000000c2e00000, 0x00000000c2e00000| Untracked 
|  21|0x00000000c2f00000, 0x00000000c2f00000, 0x00000000c3000000|  0%| F|  |TAMS 0x00000000c2f00000, 0x00000000c2f00000| Untracked 
|  22|0x00000000c3000000, 0x00000000c3000000, 0x00000000c3100000|  0%| F|  |TAMS 0x00000000c3000000, 0x00000000c3000000| Untracked 
|  23|0x00000000c3100000, 0x00000000c3100000, 0x00000000c3200000|  0%| F|  |TAMS 0x00000000c3100000, 0x00000000c3100000| Untracked 
|  24|0x00000000c3200000, 0x00000000c3200000, 0x00000000c3300000|  0%| F|  |TAMS 0x00000000c3200000, 0x00000000c3200000| Untracked 
|  25|0x00000000c3300000, 0x00000000c3300000, 0x00000000c3400000|  0%| F|  |TAMS 0x00000000c3300000, 0x00000000c3300000| Untracked 
|  26|0x00000000c3400000, 0x00000000c3400000, 0x00000000c3500000|  0%| F|  |TAMS 0x00000000c3400000, 0x00000000c3400000| Untracked 
|  27|0x00000000c3500000, 0x00000000c3500000, 0x00000000c3600000|  0%| F|  |TAMS 0x00000000c3500000, 0x00000000c3500000| Untracked 
|  28|0x00000000c3600000, 0x00000000c3600000, 0x00000000c3700000|  0%| F|  |TAMS 0x00000000c3600000, 0x00000000c3600000| Untracked 
|  29|0x00000000c3700000, 0x00000000c3700000, 0x00000000c3800000|  0%| F|  |TAMS 0x00000000c3700000, 0x00000000c3700000| Untracked 
|  30|0x00000000c3800000, 0x00000000c3800000, 0x00000000c3900000|  0%| F|  |TAMS 0x00000000c3800000, 0x00000000c3800000| Untracked 
|  31|0x00000000c3900000, 0x00000000c3900000, 0x00000000c3a00000|  0%| F|  |TAMS 0x00000000c3900000, 0x00000000c3900000| Untracked 
|  32|0x00000000c3a00000, 0x00000000c3a00000, 0x00000000c3b00000|  0%| F|  |TAMS 0x00000000c3a00000, 0x00000000c3a00000| Untracked 
|  33|0x00000000c3b00000, 0x00000000c3b00000, 0x00000000c3c00000|  0%| F|  |TAMS 0x00000000c3b00000, 0x00000000c3b00000| Untracked 
|  34|0x00000000c3c00000, 0x00000000c3c00000, 0x00000000c3d00000|  0%| F|  |TAMS 0x00000000c3c00000, 0x00000000c3c00000| Untracked 
|  35|0x00000000c3d00000, 0x00000000c3d00000, 0x00000000c3e00000|  0%| F|  |TAMS 0x00000000c3d00000, 0x00000000c3d00000| Untracked 
|  36|0x00000000c3e00000, 0x00000000c3e00000, 0x00000000c3f00000|  0%| F|  |TAMS 0x00000000c3e00000, 0x00000000c3e00000| Untracked 
|  37|0x00000000c3f00000, 0x00000000c3f00000, 0x00000000c4000000|  0%| F|  |TAMS 0x00000000c3f00000, 0x00000000c3f00000| Untracked 
|  38|0x00000000c4000000, 0x00000000c4000000, 0x00000000c4100000|  0%| F|  |TAMS 0x00000000c4000000, 0x00000000c4000000| Untracked 
|  39|0x00000000c4100000, 0x00000000c4100000, 0x00000000c4200000|  0%| F|  |TAMS 0x00000000c4100000, 0x00000000c4100000| Untracked 
|  40|0x00000000c4200000, 0x00000000c4200000, 0x00000000c4300000|  0%| F|  |TAMS 0x00000000c4200000, 0x00000000c4200000| Untracked 
|  41|0x00000000c4300000, 0x00000000c4300000, 0x00000000c4400000|  0%| F|  |TAMS 0x00000000c4300000, 0x00000000c4300000| Untracked 
|  42|0x00000000c4400000, 0x00000000c4400000, 0x00000000c4500000|  0%| F|  |TAMS 0x00000000c4400000, 0x00000000c4400000| Untracked 
|  43|0x00000000c4500000, 0x00000000c4500000, 0x00000000c4600000|  0%| F|  |TAMS 0x00000000c4500000, 0x00000000c4500000| Untracked 
|  44|0x00000000c4600000, 0x00000000c4600000, 0x00000000c4700000|  0%| F|  |TAMS 0x00000000c4600000, 0x00000000c4600000| Untracked 
|  45|0x00000000c4700000, 0x00000000c4700000, 0x00000000c4800000|  0%| F|  |TAMS 0x00000000c4700000, 0x00000000c4700000| Untracked 
|  46|0x00000000c4800000, 0x00000000c4800000, 0x00000000c4900000|  0%| F|  |TAMS 0x00000000c4800000, 0x00000000c4800000| Untracked 
|  47|0x00000000c4900000, 0x00000000c4900000, 0x00000000c4a00000|  0%| F|  |TAMS 0x00000000c4900000, 0x00000000c4900000| Untracked 
|  48|0x00000000c4a00000, 0x00000000c4a00000, 0x00000000c4b00000|  0%| F|  |TAMS 0x00000000c4a00000, 0x00000000c4a00000| Untracked 
|  49|0x00000000c4b00000, 0x00000000c4b00000, 0x00000000c4c00000|  0%| F|  |TAMS 0x00000000c4b00000, 0x00000000c4b00000| Untracked 
|  50|0x00000000c4c00000, 0x00000000c4c00000, 0x00000000c4d00000|  0%| F|  |TAMS 0x00000000c4c00000, 0x00000000c4c00000| Untracked 
|  51|0x00000000c4d00000, 0x00000000c4d00000, 0x00000000c4e00000|  0%| F|  |TAMS 0x00000000c4d00000, 0x00000000c4d00000| Untracked 
|  52|0x00000000c4e00000, 0x00000000c4e00000, 0x00000000c4f00000|  0%| F|  |TAMS 0x00000000c4e00000, 0x00000000c4e00000| Untracked 
|  53|0x00000000c4f00000, 0x00000000c4f00000, 0x00000000c5000000|  0%| F|  |TAMS 0x00000000c4f00000, 0x00000000c4f00000| Untracked 
|  54|0x00000000c5000000, 0x00000000c5000000, 0x00000000c5100000|  0%| F|  |TAMS 0x00000000c5000000, 0x00000000c5000000| Untracked 
|  55|0x00000000c5100000, 0x00000000c5100000, 0x00000000c5200000|  0%| F|  |TAMS 0x00000000c5100000, 0x00000000c5100000| Untracked 
|  56|0x00000000c5200000, 0x00000000c5200000, 0x00000000c5300000|  0%| F|  |TAMS 0x00000000c5200000, 0x00000000c5200000| Untracked 
|  57|0x00000000c5300000, 0x00000000c5300000, 0x00000000c5400000|  0%| F|  |TAMS 0x00000000c5300000, 0x00000000c5300000| Untracked 
|  58|0x00000000c5400000, 0x00000000c5400000, 0x00000000c5500000|  0%| F|  |TAMS 0x00000000c5400000, 0x00000000c5400000| Untracked 
|  59|0x00000000c5500000, 0x00000000c5500000, 0x00000000c5600000|  0%| F|  |TAMS 0x00000000c5500000, 0x00000000c5500000| Untracked 
|  60|0x00000000c5600000, 0x00000000c5600000, 0x00000000c5700000|  0%| F|  |TAMS 0x00000000c5600000, 0x00000000c5600000| Untracked 
|  61|0x00000000c5700000, 0x00000000c5700000, 0x00000000c5800000|  0%| F|  |TAMS 0x00000000c5700000, 0x00000000c5700000| Untracked 
|  62|0x00000000c5800000, 0x00000000c5800000, 0x00000000c5900000|  0%| F|  |TAMS 0x00000000c5800000, 0x00000000c5800000| Untracked 
|  63|0x00000000c5900000, 0x00000000c59d9370, 0x00000000c5a00000| 84%| E|  |TAMS 0x00000000c5900000, 0x00000000c5900000| Complete 

Card table byte_map: [0x000002632e630000,0x000002632e830000] _byte_map_base: 0x000002632e023000

Marking Bits (Prev, Next): (CMBitMap*) 0x0000026315f50090, (CMBitMap*) 0x0000026315f500d0
 Prev Bits: [0x000002632ea30000, 0x000002632f9c8000)
 Next Bits: [0x000002632f9d0000, 0x0000026330968000)

Polling page: 0x0000026315cb0000

Metaspace:

Usage:
  Non-class:    704.94 KB used.
      Class:     64.88 KB used.
       Both:    769.82 KB used.

Virtual space:
  Non-class space:       64.00 MB reserved,     768.00 KB (  1%) committed,  1 nodes.
      Class space:        1.00 GB reserved,     128.00 KB ( <1%) committed,  1 nodes.
             Both:        1.06 GB reserved,     896.00 KB ( <1%) committed. 

Chunk freelists:
   Non-Class:  3.99 MB
       Class:  3.75 MB
        Both:  7.74 MB

MaxMetaspaceSize: unlimited
CompressedClassSpaceSize: 1.00 GB
Initial GC threshold: 21.00 MB
Current GC threshold: 21.00 MB
CDS: on
MetaspaceReclaimPolicy: balanced
 - commit_granule_bytes: 65536.
 - commit_granule_words: 8192.
 - virtual_space_node_default_size: 8388608.
 - enlarge_chunks_in_place: 1.
 - new_chunks_are_fully_committed: 0.
 - uncommit_free_chunks: 1.
 - use_allocation_guard: 0.


Internal statistics:

num_allocs_failed_limit: 0.
num_arena_births: 6.
num_arena_deaths: 0.
num_vsnodes_births: 2.
num_vsnodes_deaths: 0.
num_space_committed: 14.
num_space_uncommitted: 0.
num_chunks_returned_to_freelist: 0.
num_chunks_taken_from_freelist: 7.
num_chunk_merges: 0.
num_chunk_splits: 3.
num_chunks_enlarged: 1.
num_inconsistent_stats: 0.

CodeHeap 'non-profiled nmethods': size=120064Kb used=21Kb max_used=21Kb free=120042Kb
 bounds [0x0000026326af0000, 0x0000026326d60000, 0x000002632e030000]
CodeHeap 'profiled nmethods': size=120000Kb used=92Kb max_used=92Kb free=119907Kb
 bounds [0x000002631f5c0000, 0x000002631f830000, 0x0000026326af0000]
CodeHeap 'non-nmethods': size=5696Kb used=1085Kb max_used=1085Kb free=4611Kb
 bounds [0x000002631f030000, 0x000002631f2a0000, 0x000002631f5c0000]
 total_blobs=426 nmethods=81 adapters=259
 compilation: enabled
              stopped_count=0, restarted_count=0
 full_count=0

Compilation events (20 events):
Event: 0.164 Thread 0x0000026332cf74c0   64       1       java.util.ImmutableCollections$Set12::isEmpty (2 bytes)
Event: 0.165 Thread 0x0000026332cf74c0 nmethod 64 0x0000026326af3290 code [0x0000026326af3420, 0x0000026326af34f8]
Event: 0.165 Thread 0x0000026332cf74c0   65       3       java.util.ImmutableCollections$Set12$1::next (95 bytes)
Event: 0.165 Thread 0x0000026332cf74c0 nmethod 65 0x000002631f5d4b10 code [0x000002631f5d4cc0, 0x000002631f5d4f48]
Event: 0.167 Thread 0x0000026332cf74c0   66       3       java.lang.AbstractStringBuilder::ensureCapacityInternal (39 bytes)
Event: 0.168 Thread 0x0000026332cf74c0 nmethod 66 0x000002631f5d5090 code [0x000002631f5d5240, 0x000002631f5d5478]
Event: 0.170 Thread 0x0000026332cf74c0   67       3       java.lang.String::isEmpty (14 bytes)
Event: 0.170 Thread 0x0000026332cf74c0 nmethod 67 0x000002631f5d5590 code [0x000002631f5d5720, 0x000002631f5d5898]
Event: 0.177 Thread 0x0000026332cf74c0   68       3       java.lang.StringLatin1::canEncode (13 bytes)
Event: 0.177 Thread 0x0000026332cf74c0 nmethod 68 0x000002631f5d5990 code [0x000002631f5d5b20, 0x000002631f5d5c78]
Event: 0.190 Thread 0x0000026332cf74c0   71       3       java.lang.Math::min (11 bytes)
Event: 0.190 Thread 0x0000026332cf74c0 nmethod 71 0x000002631f5d5d10 code [0x000002631f5d5ea0, 0x000002631f5d5fd8]
Event: 0.193 Thread 0x0000026332cf74c0   75       1       java.lang.Enum::ordinal (5 bytes)
Event: 0.193 Thread 0x0000026332cf74c0 nmethod 75 0x0000026326af4490 code [0x0000026326af4620, 0x0000026326af46f8]
Event: 0.195 Thread 0x0000026332cf74c0   79       3       java.util.concurrent.ConcurrentHashMap::get (162 bytes)
Event: 0.196 Thread 0x0000026332cf74c0 nmethod 79 0x000002631f5d6090 code [0x000002631f5d62e0, 0x000002631f5d6dc8]
Event: 0.196 Thread 0x0000026332cf74c0   80       1       java.lang.Module::getDescriptor (5 bytes)
Event: 0.196 Thread 0x0000026332cf74c0 nmethod 80 0x0000026326af5190 code [0x0000026326af5320, 0x0000026326af53f8]
Event: 0.196 Thread 0x0000026332cf74c0   81       1       java.lang.module.ModuleDescriptor::provides (5 bytes)
Event: 0.196 Thread 0x0000026332cf74c0 nmethod 81 0x0000026326af5490 code [0x0000026326af5620, 0x0000026326af56f8]

GC Heap History (0 events):
No events

Deoptimization events (0 events):
No events

Classes loaded (20 events):
Event: 0.177 Loading class javax/swing/WindowConstants done
Event: 0.177 Loading class javax/swing/RootPaneContainer
Event: 0.177 Loading class javax/swing/RootPaneContainer done
Event: 0.177 Loading class java/awt/Frame
Event: 0.178 Loading class java/awt/Window
Event: 0.179 Loading class java/awt/Window done
Event: 0.179 Loading class java/awt/Frame done
Event: 0.179 Loading class javax/swing/JFrame done
Event: 0.182 Loading class sun/util/logging/PlatformLogger
Event: 0.182 Loading class sun/util/logging/PlatformLogger done
Event: 0.182 Loading class sun/util/logging/PlatformLogger$Level
Event: 0.182 Loading class sun/util/logging/PlatformLogger$Level done
Event: 0.182 Loading class java/lang/System$Logger$Level
Event: 0.183 Loading class java/lang/System$Logger$Level done
Event: 0.183 Loading class jdk/internal/logger/LazyLoggers
Event: 0.183 Loading class jdk/internal/logger/LazyLoggers done
Event: 0.183 Loading class jdk/internal/logger/LazyLoggers$1
Event: 0.183 Loading class jdk/internal/logger/LazyLoggers$1 done
Event: 0.183 Loading class jdk/internal/logger/LazyLoggers$LazyLoggerFactories
Event: 0.183 Loading class jdk/internal/logger/LazyLoggers$LazyLoggerFactories done

Classes unloaded (0 events):
No events

Classes redefined (0 events):
No events

Internal exceptions (0 events):
No events

VM Operations (0 events):
No events

Events (14 events):
Event: 0.012 Loaded shared library C:\Program Files\Java\jdk-18.0.1.1\bin\java.dll
Event: 0.040 Loaded shared library C:\Program Files\Java\jdk-18.0.1.1\bin\jsvml.dll
Event: 0.041 Thread 0x0000026315f0e790 Thread added: 0x0000026315f0e790
Event: 0.049 Thread 0x0000026332c6e410 Thread added: 0x0000026332c6e410
Event: 0.049 Thread 0x0000026332c71730 Thread added: 0x0000026332c71730
Event: 0.070 Thread 0x0000026332c87540 Thread added: 0x0000026332c87540
Event: 0.070 Thread 0x0000026332c88e00 Thread added: 0x0000026332c88e00
Event: 0.070 Thread 0x0000026332c896b0 Thread added: 0x0000026332c896b0
Event: 0.070 Thread 0x0000026332c89f60 Thread added: 0x0000026332c89f60
Event: 0.070 Thread 0x0000026332c8ab40 Thread added: 0x0000026332c8ab40
Event: 0.101 Thread 0x0000026332cf74c0 Thread added: 0x0000026332cf74c0
Event: 0.106 Thread 0x0000026332cfc180 Thread added: 0x0000026332cfc180
Event: 0.165 Thread 0x0000026337037c00 Thread added: 0x0000026337037c00
Event: 0.169 Thread 0x000002633703c760 Thread added: 0x000002633703c760


Dynamic libraries:
0x00007ff637450000 - 0x00007ff637460000 	C:\Program Files\Java\jdk-18.0.1.1\bin\javaw.exe
0x00007ffa4e970000 - 0x00007ffa4eb68000 	C:\WINDOWS\SYSTEM32\ntdll.dll
0x00007ffa4e070000 - 0x00007ffa4e12f000 	C:\WINDOWS\System32\KERNEL32.DLL
0x00007ffa4c6e0000 - 0x00007ffa4c9b2000 	C:\WINDOWS\System32\KERNELBASE.dll
0x00007ffa4c5e0000 - 0x00007ffa4c6e0000 	C:\WINDOWS\System32\ucrtbase.dll
0x00007ffa47870000 - 0x00007ffa47888000 	C:\Program Files\Java\jdk-18.0.1.1\bin\jli.dll
0x00007ffa4d4e0000 - 0x00007ffa4d58e000 	C:\WINDOWS\System32\ADVAPI32.dll
0x00007ffa4e530000 - 0x00007ffa4e5ce000 	C:\WINDOWS\System32\msvcrt.dll
0x00007ffa4e3d0000 - 0x00007ffa4e46c000 	C:\WINDOWS\System32\sechost.dll
0x00007ffa4cc00000 - 0x00007ffa4cd25000 	C:\WINDOWS\System32\RPCRT4.dll
0x00007ffa4c9c0000 - 0x00007ffa4cb5d000 	C:\WINDOWS\System32\USER32.dll
0x00007ffa4c450000 - 0x00007ffa4c472000 	C:\WINDOWS\System32\win32u.dll
0x00007ffa4cd50000 - 0x00007ffa4cd7b000 	C:\WINDOWS\System32\GDI32.dll
0x00007ffa4c340000 - 0x00007ffa4c44f000 	C:\WINDOWS\System32\gdi32full.dll
0x00007ffa4c2a0000 - 0x00007ffa4c33d000 	C:\WINDOWS\System32\msvcp_win.dll
0x00007ffa47ab0000 - 0x00007ffa47aca000 	C:\Program Files\Java\jdk-18.0.1.1\bin\VCRUNTIME140.dll
0x00007ffa3a380000 - 0x00007ffa3a61a000 	C:\WINDOWS\WinSxS\amd64_microsoft.windows.common-controls_6595b64144ccf1df_6.0.19041.1110_none_60b5254171f9507e\COMCTL32.dll
0x00007ffa41240000 - 0x00007ffa4124a000 	C:\WINDOWS\SYSTEM32\VERSION.dll
0x00007ffa4e130000 - 0x00007ffa4e162000 	C:\WINDOWS\System32\IMM32.DLL
0x00007ffa47d20000 - 0x00007ffa47d2c000 	C:\Program Files\Java\jdk-18.0.1.1\bin\vcruntime140_1.dll
0x00007ffa36870000 - 0x00007ffa368fd000 	C:\Program Files\Java\jdk-18.0.1.1\bin\msvcp140.dll
0x00007ffa21420000 - 0x00007ffa22030000 	C:\Program Files\Java\jdk-18.0.1.1\bin\server\jvm.dll
0x00007ffa4cf90000 - 0x00007ffa4cf98000 	C:\WINDOWS\System32\PSAPI.DLL
0x00007ffa3c6b0000 - 0x00007ffa3c6b9000 	C:\WINDOWS\SYSTEM32\WSOCK32.dll
0x00007ffa4e2b0000 - 0x00007ffa4e31b000 	C:\WINDOWS\System32\WS2_32.dll
0x00007ffa34740000 - 0x00007ffa34767000 	C:\WINDOWS\SYSTEM32\WINMM.dll
0x00007ffa49e70000 - 0x00007ffa49e82000 	C:\WINDOWS\SYSTEM32\kernel.appcore.dll
0x00007ffa47850000 - 0x00007ffa4785a000 	C:\Program Files\Java\jdk-18.0.1.1\bin\jimage.dll
0x00007ffa3b940000 - 0x00007ffa3bb24000 	C:\WINDOWS\SYSTEM32\DBGHELP.DLL
0x00007ffa3d960000 - 0x00007ffa3d98c000 	C:\WINDOWS\SYSTEM32\dbgcore.DLL
0x00007ffa4c1e0000 - 0x00007ffa4c262000 	C:\WINDOWS\System32\bcryptPrimitives.dll
0x00007ffa44dd0000 - 0x00007ffa44df5000 	C:\Program Files\Java\jdk-18.0.1.1\bin\java.dll
0x00007ffa36790000 - 0x00007ffa36866000 	C:\Program Files\Java\jdk-18.0.1.1\bin\jsvml.dll
0x00007ffa4d590000 - 0x00007ffa4dcd3000 	C:\WINDOWS\System32\SHELL32.dll
0x00007ffa4a150000 - 0x00007ffa4a8e2000 	C:\WINDOWS\SYSTEM32\windows.storage.dll
0x00007ffa4e5d0000 - 0x00007ffa4e924000 	C:\WINDOWS\System32\combase.dll
0x00007ffa4b9f0000 - 0x00007ffa4ba20000 	C:\WINDOWS\SYSTEM32\Wldp.dll
0x00007ffa4dce0000 - 0x00007ffa4dd8d000 	C:\WINDOWS\System32\SHCORE.dll
0x00007ffa4e470000 - 0x00007ffa4e4c5000 	C:\WINDOWS\System32\shlwapi.dll
0x00007ffa4bfb0000 - 0x00007ffa4bfcf000 	C:\WINDOWS\SYSTEM32\profapi.dll

dbghelp: loaded successfully - version: 4.0.5 - missing functions: none
symbol engine: initialized successfully - sym options: 0x614 - pdb path: .;C:\Program Files\Java\jdk-18.0.1.1\bin;C:\WINDOWS\SYSTEM32;C:\WINDOWS\WinSxS\amd64_microsoft.windows.common-controls_6595b64144ccf1df_6.0.19041.1110_none_60b5254171f9507e;C:\Program Files\Java\jdk-18.0.1.1\bin\server

VM Arguments:
jvm_args: -Dfile.encoding=UTF-8 -XX:+ShowCodeDetailsInExceptionMessages 
java_command: Pr12_1
java_class_path (initial): C:\Users\Rizvi\eclipse-workspace\Learn-JavaGUI\bin
Launcher Type: SUN_STANDARD

[Global flags]
     intx CICompilerCount                          = 2                                         {product} {ergonomic}
     uint ConcGCThreads                            = 1                                         {product} {ergonomic}
     uint G1ConcRefinementThreads                  = 2                                         {product} {ergonomic}
   size_t G1HeapRegionSize                         = 1048576                                   {product} {ergonomic}
    uintx GCDrainStackTargetSize                   = 64                                        {product} {ergonomic}
   size_t InitialHeapSize                          = 67108864                                  {product} {ergonomic}
   size_t MarkStackSize                            = 4194304                                   {product} {ergonomic}
   size_t MaxHeapSize                              = 1046478848                                {product} {ergonomic}
   size_t MaxNewSize                               = 627048448                                 {product} {ergonomic}
   size_t MinHeapDeltaBytes                        = 1048576                                   {product} {ergonomic}
   size_t MinHeapSize                              = 8388608                                   {product} {ergonomic}
    uintx NonNMethodCodeHeapSize                   = 5826188                                {pd product} {ergonomic}
    uintx NonProfiledCodeHeapSize                  = 122916026                              {pd product} {ergonomic}
    uintx ProfiledCodeHeapSize                     = 122916026                              {pd product} {ergonomic}
    uintx ReservedCodeCacheSize                    = 251658240                              {pd product} {ergonomic}
     bool SegmentedCodeCache                       = true                                      {product} {ergonomic}
     bool ShowCodeDetailsInExceptionMessages       = true                                   {manageable} {command line}
   size_t SoftMaxHeapSize                          = 1046478848                             {manageable} {ergonomic}
     bool UseCompressedClassPointers               = true                           {product lp64_product} {ergonomic}
     bool UseCompressedOops                        = true                           {product lp64_product} {ergonomic}
     bool UseG1GC                                  = true                                      {product} {ergonomic}
     bool UseLargePagesIndividualAllocation        = false                                  {pd product} {ergonomic}

Logging:
Log output configuration:
 #0: stdout all=warning uptime,level,tags foldmultilines=false
 #1: stderr all=off uptime,level,tags foldmultilines=false

Environment Variables:
PATH=C:\Program Files\Common Files\Oracle\Java\javapath;C:\Program Files (x86)\Common Files\Oracle\Java\javapath;C:\WINDOWS\system32;C:\WINDOWS;C:\WINDOWS\System32\Wbem;C:\WINDOWS\System32\WindowsPowerShell\v1.0\;C:\WINDOWS\System32\OpenSSH\;C:\ProgramData\chocolatey\bin;C:\Users\Rizvi\AppData\Roaming;C:\Program Files\node.js\;C:\Program Files\Microsoft SQL Server\150\Tools\Binn\;C:\Program Files\Microsoft SQL Server\Client SDK\ODBC\170\Tools\Binn\;C:\Program Files\dotnet\;C:\Program Files\Git\cmd;C:\Program Files\nodejs\;C:\Program Files (x86)\dotnet\;C:\Users\Rizvi\AppData\Local\Programs\Python\Python38\Scripts\;C:\Users\Rizvi\AppData\Local\Programs\Python\Python38\;C:\Users\Rizvi\anaconda3;C:\Users\Rizvi\anaconda3\Library\mingw-w64\bin;C:\Users\Rizvi\anaconda3\Library\usr\bin;C:\Users\Rizvi\anaconda3\Library\bin;C:\Users\Rizvi\anaconda3\Scripts;C:\Users\Rizvi\AppData\Local\Microsoft\WindowsApps;C:\MinGW\bin;C:\Users\Rizvi\AppData\Local\Programs\Microsoft VS Code\bin;C:\Program Files\JetBrains\IntelliJ IDEA Community Edition 2022.1.1\bin;;C:\Program Files\Java\jdk-18.0.1.1\bin;C:\Users\Rizvi\.dotnet\tools;C:\Program Files\JetBrains\PyCharm Community Edition 2022.1.2\bin;;C:\Program Files\heroku\bin;C:\Users\Rizvi\AppData\Roaming\npm;C:\python3\Scripts;C:\Users\Rizvi\AppData\Roaming\Microsoft\Windows\Start Menu\Programs\Anaconda3 (64-bit);C:\Users\Rizvi\anaconda3\Scripts\conda.exe;
USERNAME=Rizvi
OS=Windows_NT
PROCESSOR_IDENTIFIER=Intel64 Family 6 Model 58 Stepping 9, GenuineIntel



---------------  S Y S T E M  ---------------

OS:
 Windows 10 , 64 bit Build 19041 (10.0.19041.2251)
OS uptime: 1 days 9:48 hours

CPU: total 2 (initial active 2) (2 cores per cpu, 1 threads per core) family 6 model 58 stepping 9 microcode 0x21, cx8, cmov, fxsr, mmx, sse, sse2, sse3, ssse3, sse4.1, sse4.2, popcnt, tsc, tscinvbit, erms, clmul, clflush

Memory: 4k page, system-wide physical 3989M (218M free)
TotalPageFile size 16277M (AvailPageFile size 4M)
current process WorkingSet (physical memory assigned to process): 28M, peak: 28M
current process commit charge ("private bytes"): 130M, peak: 130M

vm_info: Java HotSpot(TM) 64-Bit Server VM (18.0.1.1+2-6) for windows-amd64 JRE (18.0.1.1+2-6), built on Apr 25 2022 21:53:15 by "mach5one" with MS VC++ 16.8 / 16.9 (VS2019)

END.
